This is pdfTeX, Version 3.141592653-2.6-1.40.23 (TeX Live 2022/dev) (preloaded format=pdflatex 2021.11.17)  18 NOV 2021 22:27
entering extended mode
 restricted \write18 enabled.
 %&-line parsing enabled.
**Group1_HW4_WORKING_DRAFT.tex
(./Group1_HW4_WORKING_DRAFT.tex
LaTeX2e <2021-11-15>
L3 programming layer <2021-11-12> (/Users/mustafatelab/Library/TinyTeX/texmf-dist/tex/latex/base/article.cls
Document Class: article 2021/10/04 v1.4n Standard LaTeX document class
(/Users/mustafatelab/Library/TinyTeX/texmf-dist/tex/latex/base/size10.clo
File: size10.clo 2021/10/04 v1.4n Standard LaTeX file (size option)
)
\c@part=\count183
\c@section=\count184
\c@subsection=\count185
\c@subsubsection=\count186
\c@paragraph=\count187
\c@subparagraph=\count188
\c@figure=\count189
\c@table=\count190
\abovecaptionskip=\skip47
\belowcaptionskip=\skip48
\bibindent=\dimen138
) (/Users/mustafatelab/Library/TinyTeX/texmf-dist/tex/latex/lm/lmodern.sty
Package: lmodern 2015/05/01 v1.6.1 Latin Modern Fonts
LaTeX Font Info:    Overwriting symbol font `operators' in version `normal'
(Font)                  OT1/cmr/m/n --> OT1/lmr/m/n on input line 22.
LaTeX Font Info:    Overwriting symbol font `letters' in version `normal'
(Font)                  OML/cmm/m/it --> OML/lmm/m/it on input line 23.
LaTeX Font Info:    Overwriting symbol font `symbols' in version `normal'
(Font)                  OMS/cmsy/m/n --> OMS/lmsy/m/n on input line 24.
LaTeX Font Info:    Overwriting symbol font `largesymbols' in version `normal'
(Font)                  OMX/cmex/m/n --> OMX/lmex/m/n on input line 25.
LaTeX Font Info:    Overwriting symbol font `operators' in version `bold'
(Font)                  OT1/cmr/bx/n --> OT1/lmr/bx/n on input line 26.
LaTeX Font Info:    Overwriting symbol font `letters' in version `bold'
(Font)                  OML/cmm/b/it --> OML/lmm/b/it on input line 27.
LaTeX Font Info:    Overwriting symbol font `symbols' in version `bold'
(Font)                  OMS/cmsy/b/n --> OMS/lmsy/b/n on input line 28.
LaTeX Font Info:    Overwriting symbol font `largesymbols' in version `bold'
(Font)                  OMX/cmex/m/n --> OMX/lmex/m/n on input line 29.
LaTeX Font Info:    Overwriting math alphabet `\mathbf' in version `normal'
(Font)                  OT1/cmr/bx/n --> OT1/lmr/bx/n on input line 31.
LaTeX Font Info:    Overwriting math alphabet `\mathsf' in version `normal'
(Font)                  OT1/cmss/m/n --> OT1/lmss/m/n on input line 32.
LaTeX Font Info:    Overwriting math alphabet `\mathit' in version `normal'
(Font)                  OT1/cmr/m/it --> OT1/lmr/m/it on input line 33.
LaTeX Font Info:    Overwriting math alphabet `\mathtt' in version `normal'
(Font)                  OT1/cmtt/m/n --> OT1/lmtt/m/n on input line 34.
LaTeX Font Info:    Overwriting math alphabet `\mathbf' in version `bold'
(Font)                  OT1/cmr/bx/n --> OT1/lmr/bx/n on input line 35.
LaTeX Font Info:    Overwriting math alphabet `\mathsf' in version `bold'
(Font)                  OT1/cmss/bx/n --> OT1/lmss/bx/n on input line 36.
LaTeX Font Info:    Overwriting math alphabet `\mathit' in version `bold'
(Font)                  OT1/cmr/bx/it --> OT1/lmr/bx/it on input line 37.
LaTeX Font Info:    Overwriting math alphabet `\mathtt' in version `bold'
(Font)                  OT1/cmtt/m/n --> OT1/lmtt/m/n on input line 38.
) (/Users/mustafatelab/Library/TinyTeX/texmf-dist/tex/latex/amsfonts/amssymb.sty
Package: amssymb 2013/01/14 v3.01 AMS font symbols
(/Users/mustafatelab/Library/TinyTeX/texmf-dist/tex/latex/amsfonts/amsfonts.sty
Package: amsfonts 2013/01/14 v3.01 Basic AMSFonts support
\@emptytoks=\toks16
\symAMSa=\mathgroup4
\symAMSb=\mathgroup5
LaTeX Font Info:    Redeclaring math symbol \hbar on input line 98.
LaTeX Font Info:    Overwriting math alphabet `\mathfrak' in version `bold'
(Font)                  U/euf/m/n --> U/euf/b/n on input line 106.
)) (/Users/mustafatelab/Library/TinyTeX/texmf-dist/tex/latex/amsmath/amsmath.sty
Package: amsmath 2021/10/15 v2.17l AMS math features
\@mathmargin=\skip49
For additional information on amsmath, use the `?' option.
(/Users/mustafatelab/Library/TinyTeX/texmf-dist/tex/latex/amsmath/amstext.sty
Package: amstext 2021/08/26 v2.01 AMS text
(/Users/mustafatelab/Library/TinyTeX/texmf-dist/tex/latex/amsmath/amsgen.sty
File: amsgen.sty 1999/11/30 v2.0 generic functions
\@emptytoks=\toks17
\ex@=\dimen139
)) (/Users/mustafatelab/Library/TinyTeX/texmf-dist/tex/latex/amsmath/amsbsy.sty
Package: amsbsy 1999/11/29 v1.2d Bold Symbols
\pmbraise@=\dimen140
) (/Users/mustafatelab/Library/TinyTeX/texmf-dist/tex/latex/amsmath/amsopn.sty
Package: amsopn 2021/08/26 v2.02 operator names
)
\inf@bad=\count191
LaTeX Info: Redefining \frac on input line 234.
\uproot@=\count192
\leftroot@=\count193
LaTeX Info: Redefining \overline on input line 399.
\classnum@=\count194
\DOTSCASE@=\count195
LaTeX Info: Redefining \ldots on input line 496.
LaTeX Info: Redefining \dots on input line 499.
LaTeX Info: Redefining \cdots on input line 620.
\Mathstrutbox@=\box50
\strutbox@=\box51
\big@size=\dimen141
LaTeX Font Info:    Redeclaring font encoding OML on input line 743.
LaTeX Font Info:    Redeclaring font encoding OMS on input line 744.
\macc@depth=\count196
\c@MaxMatrixCols=\count197
\dotsspace@=\muskip16
\c@parentequation=\count198
\dspbrk@lvl=\count199
\tag@help=\toks18
\row@=\count266
\column@=\count267
\maxfields@=\count268
\andhelp@=\toks19
\eqnshift@=\dimen142
\alignsep@=\dimen143
\tagshift@=\dimen144
\tagwidth@=\dimen145
\totwidth@=\dimen146
\lineht@=\dimen147
\@envbody=\toks20
\multlinegap=\skip50
\multlinetaggap=\skip51
\mathdisplay@stack=\toks21
LaTeX Info: Redefining \[ on input line 2938.
LaTeX Info: Redefining \] on input line 2939.
) (/Users/mustafatelab/Library/TinyTeX/texmf-dist/tex/generic/iftex/ifxetex.sty
Package: ifxetex 2019/10/25 v0.7 ifxetex legacy package. Use iftex instead.
(/Users/mustafatelab/Library/TinyTeX/texmf-dist/tex/generic/iftex/iftex.sty
Package: iftex 2020/03/06 v1.0d TeX engine tests
)) (/Users/mustafatelab/Library/TinyTeX/texmf-dist/tex/generic/iftex/ifluatex.sty
Package: ifluatex 2019/10/25 v1.5 ifluatex legacy package. Use iftex instead.
) (/Users/mustafatelab/Library/TinyTeX/texmf-dist/tex/latex/base/fixltx2e.sty
Package: fixltx2e 2016/12/29 v2.1a fixes to LaTeX (obsolete)
Applying: [2015/01/01] Old fixltx2e package on input line 46.

Package fixltx2e Warning: fixltx2e is not required with releases after 2015
(fixltx2e)                All fixes are now in the LaTeX kernel.
(fixltx2e)                See the latexrelease package for details.

Already applied: [0000/00/00] Old fixltx2e package on input line 53.
) (/Users/mustafatelab/Library/TinyTeX/texmf-dist/tex/latex/base/fontenc.sty
Package: fontenc 2021/04/29 v2.0v Standard LaTeX package
LaTeX Font Info:    Trying to load font information for T1+lmr on input line 112.
(/Users/mustafatelab/Library/TinyTeX/texmf-dist/tex/latex/lm/t1lmr.fd
File: t1lmr.fd 2015/05/01 v1.6.1 Font defs for Latin Modern
)) (/Users/mustafatelab/Library/TinyTeX/texmf-dist/tex/latex/base/inputenc.sty
Package: inputenc 2021/02/14 v1.3d Input encoding file
\inpenc@prehook=\toks22
\inpenc@posthook=\toks23
) (/Users/mustafatelab/Library/TinyTeX/texmf-dist/tex/latex/base/textcomp.sty
Package: textcomp 2020/02/02 v2.0n Standard LaTeX package
) (/Users/mustafatelab/Library/TinyTeX/texmf-dist/tex/latex/hyperref/hyperref.sty
Package: hyperref 2021-06-07 v7.00m Hypertext links for LaTeX
(/Users/mustafatelab/Library/TinyTeX/texmf-dist/tex/generic/ltxcmds/ltxcmds.sty
Package: ltxcmds 2020-05-10 v1.25 LaTeX kernel commands for general use (HO)
) (/Users/mustafatelab/Library/TinyTeX/texmf-dist/tex/generic/pdftexcmds/pdftexcmds.sty
Package: pdftexcmds 2020-06-27 v0.33 Utility functions of pdfTeX for LuaTeX (HO)
(/Users/mustafatelab/Library/TinyTeX/texmf-dist/tex/generic/infwarerr/infwarerr.sty
Package: infwarerr 2019/12/03 v1.5 Providing info/warning/error messages (HO)
)
Package pdftexcmds Info: \pdf@primitive is available.
Package pdftexcmds Info: \pdf@ifprimitive is available.
Package pdftexcmds Info: \pdfdraftmode found.
) (/Users/mustafatelab/Library/TinyTeX/texmf-dist/tex/latex/graphics/keyval.sty
Package: keyval 2014/10/28 v1.15 key=value parser (DPC)
\KV@toks@=\toks24
) (/Users/mustafatelab/Library/TinyTeX/texmf-dist/tex/generic/kvsetkeys/kvsetkeys.sty
Package: kvsetkeys 2019/12/15 v1.18 Key value parser (HO)
) (/Users/mustafatelab/Library/TinyTeX/texmf-dist/tex/generic/kvdefinekeys/kvdefinekeys.sty
Package: kvdefinekeys 2019-12-19 v1.6 Define keys (HO)
) (/Users/mustafatelab/Library/TinyTeX/texmf-dist/tex/generic/pdfescape/pdfescape.sty
Package: pdfescape 2019/12/09 v1.15 Implements pdfTeX's escape features (HO)
) (/Users/mustafatelab/Library/TinyTeX/texmf-dist/tex/latex/hycolor/hycolor.sty
Package: hycolor 2020-01-27 v1.10 Color options for hyperref/bookmark (HO)
) (/Users/mustafatelab/Library/TinyTeX/texmf-dist/tex/latex/letltxmacro/letltxmacro.sty
Package: letltxmacro 2019/12/03 v1.6 Let assignment for LaTeX macros (HO)
) (/Users/mustafatelab/Library/TinyTeX/texmf-dist/tex/latex/auxhook/auxhook.sty
Package: auxhook 2019-12-17 v1.6 Hooks for auxiliary files (HO)
) (/Users/mustafatelab/Library/TinyTeX/texmf-dist/tex/latex/kvoptions/kvoptions.sty
Package: kvoptions 2020-10-07 v3.14 Key value format for package options (HO)
)
\@linkdim=\dimen148
\Hy@linkcounter=\count269
\Hy@pagecounter=\count270
(/Users/mustafatelab/Library/TinyTeX/texmf-dist/tex/latex/hyperref/pd1enc.def
File: pd1enc.def 2021-06-07 v7.00m Hyperref: PDFDocEncoding definition (HO)
Now handling font encoding PD1 ...
... no UTF-8 mapping file for font encoding PD1
) (/Users/mustafatelab/Library/TinyTeX/texmf-dist/tex/latex/hyperref/hyperref-langpatches.def
File: hyperref-langpatches.def 2021-06-07 v7.00m Hyperref: patches for babel languages
) (/Users/mustafatelab/Library/TinyTeX/texmf-dist/tex/generic/intcalc/intcalc.sty
Package: intcalc 2019/12/15 v1.3 Expandable calculations with integers (HO)
) (/Users/mustafatelab/Library/TinyTeX/texmf-dist/tex/generic/etexcmds/etexcmds.sty
Package: etexcmds 2019/12/15 v1.7 Avoid name clashes with e-TeX commands (HO)
)
\Hy@SavedSpaceFactor=\count271
(/Users/mustafatelab/Library/TinyTeX/texmf-dist/tex/latex/hyperref/puenc.def
File: puenc.def 2021-06-07 v7.00m Hyperref: PDF Unicode definition (HO)
Now handling font encoding PU ...
... no UTF-8 mapping file for font encoding PU
)
Package hyperref Info: Option `unicode' set `true' on input line 4073.
Package hyperref Info: Hyper figures OFF on input line 4192.
Package hyperref Info: Link nesting OFF on input line 4197.
Package hyperref Info: Hyper index ON on input line 4200.
Package hyperref Info: Plain pages OFF on input line 4207.
Package hyperref Info: Backreferencing OFF on input line 4212.
Package hyperref Info: Implicit mode ON; LaTeX internals redefined.
Package hyperref Info: Bookmarks ON on input line 4445.
\c@Hy@tempcnt=\count272
(/Users/mustafatelab/Library/TinyTeX/texmf-dist/tex/latex/url/url.sty
\Urlmuskip=\muskip17
Package: url 2013/09/16  ver 3.4  Verb mode for urls, etc.
)
LaTeX Info: Redefining \url on input line 4804.
\XeTeXLinkMargin=\dimen149
(/Users/mustafatelab/Library/TinyTeX/texmf-dist/tex/generic/bitset/bitset.sty
Package: bitset 2019/12/09 v1.3 Handle bit-vector datatype (HO)
(/Users/mustafatelab/Library/TinyTeX/texmf-dist/tex/generic/bigintcalc/bigintcalc.sty
Package: bigintcalc 2019/12/15 v1.5 Expandable calculations on big integers (HO)
))
\Fld@menulength=\count273
\Field@Width=\dimen150
\Fld@charsize=\dimen151
Package hyperref Info: Hyper figures OFF on input line 6076.
Package hyperref Info: Link nesting OFF on input line 6081.
Package hyperref Info: Hyper index ON on input line 6084.
Package hyperref Info: backreferencing OFF on input line 6091.
Package hyperref Info: Link coloring OFF on input line 6096.
Package hyperref Info: Link coloring with OCG OFF on input line 6101.
Package hyperref Info: PDF/A mode OFF on input line 6106.
LaTeX Info: Redefining \ref on input line 6146.
LaTeX Info: Redefining \pageref on input line 6150.
(/Users/mustafatelab/Library/TinyTeX/texmf-dist/tex/latex/base/atbegshi-ltx.sty
Package: atbegshi-ltx 2021/01/10 v1.0c Emulation of the original atbegshi
package with kernel methods
)
\Hy@abspage=\count274
\c@Item=\count275
\c@Hfootnote=\count276
)
Package hyperref Info: Driver (autodetected): hpdftex.
(/Users/mustafatelab/Library/TinyTeX/texmf-dist/tex/latex/hyperref/hpdftex.def
File: hpdftex.def 2021-06-07 v7.00m Hyperref driver for pdfTeX
(/Users/mustafatelab/Library/TinyTeX/texmf-dist/tex/latex/base/atveryend-ltx.sty
Package: atveryend-ltx 2020/08/19 v1.0a Emulation of the original atveryend package
with kernel methods
)
\Fld@listcount=\count277
\c@bookmark@seq@number=\count278
(/Users/mustafatelab/Library/TinyTeX/texmf-dist/tex/latex/rerunfilecheck/rerunfilecheck.sty
Package: rerunfilecheck 2019/12/05 v1.9 Rerun checks for auxiliary files (HO)
(/Users/mustafatelab/Library/TinyTeX/texmf-dist/tex/generic/uniquecounter/uniquecounter.sty
Package: uniquecounter 2019/12/15 v1.4 Provide unlimited unique counter (HO)
)
Package uniquecounter Info: New unique counter `rerunfilecheck' on input line 286.
)
\Hy@SectionHShift=\skip52
)
Package hyperref Info: Option `breaklinks' set `true' on input line 35.
(/Users/mustafatelab/Library/TinyTeX/texmf-dist/tex/latex/geometry/geometry.sty
Package: geometry 2020/01/02 v5.9 Page Geometry
(/Users/mustafatelab/Library/TinyTeX/texmf-dist/tex/generic/iftex/ifvtex.sty
Package: ifvtex 2019/10/25 v1.7 ifvtex legacy package. Use iftex instead.
)
\Gm@cnth=\count279
\Gm@cntv=\count280
\c@Gm@tempcnt=\count281
\Gm@bindingoffset=\dimen152
\Gm@wd@mp=\dimen153
\Gm@odd@mp=\dimen154
\Gm@even@mp=\dimen155
\Gm@layoutwidth=\dimen156
\Gm@layoutheight=\dimen157
\Gm@layouthoffset=\dimen158
\Gm@layoutvoffset=\dimen159
\Gm@dimlist=\toks25
) (/Users/mustafatelab/Library/TinyTeX/texmf-dist/tex/latex/graphics/graphicx.sty
Package: graphicx 2021/09/16 v1.2d Enhanced LaTeX Graphics (DPC,SPQR)
(/Users/mustafatelab/Library/TinyTeX/texmf-dist/tex/latex/graphics/graphics.sty
Package: graphics 2021/03/04 v1.4d Standard LaTeX Graphics (DPC,SPQR)
(/Users/mustafatelab/Library/TinyTeX/texmf-dist/tex/latex/graphics/trig.sty
Package: trig 2021/08/11 v1.11 sin cos tan (DPC)
) (/Users/mustafatelab/Library/TinyTeX/texmf-dist/tex/latex/graphics-cfg/graphics.cfg
File: graphics.cfg 2016/06/04 v1.11 sample graphics configuration
)
Package graphics Info: Driver file: pdftex.def on input line 107.
(/Users/mustafatelab/Library/TinyTeX/texmf-dist/tex/latex/graphics-def/pdftex.def
File: pdftex.def 2020/10/05 v1.2a Graphics/color driver for pdftex
))
\Gin@req@height=\dimen160
\Gin@req@width=\dimen161
) (/Users/mustafatelab/Library/TinyTeX/texmf-dist/tex/latex/grffile/grffile.sty
Package: grffile 2019/11/11 v2.1 Extended file name support for graphics (legacy)
Package grffile Info: This package is an empty stub for compatibility on input line 40.
) (/Users/mustafatelab/Library/TinyTeX/texmf-dist/tex/latex/tools/dcolumn.sty
Package: dcolumn 2014/10/28 v1.06 decimal alignment package (DPC)
(/Users/mustafatelab/Library/TinyTeX/texmf-dist/tex/latex/tools/array.sty
Package: array 2021/10/04 v2.5f Tabular extension package (FMi)
\col@sep=\dimen162
\ar@mcellbox=\box52
\extrarowheight=\dimen163
\NC@list=\toks26
\extratabsurround=\skip53
\backup@length=\skip54
\ar@cellbox=\box53
)) (/Users/mustafatelab/Library/TinyTeX/texmf-dist/tex/latex/booktabs/booktabs.sty
Package: booktabs 2020/01/12 v1.61803398 Publication quality tables
\heavyrulewidth=\dimen164
\lightrulewidth=\dimen165
\cmidrulewidth=\dimen166
\belowrulesep=\dimen167
\belowbottomsep=\dimen168
\aboverulesep=\dimen169
\abovetopsep=\dimen170
\cmidrulesep=\dimen171
\cmidrulekern=\dimen172
\defaultaddspace=\dimen173
\@cmidla=\count282
\@cmidlb=\count283
\@aboverulesep=\dimen174
\@belowrulesep=\dimen175
\@thisruleclass=\count284
\@lastruleclass=\count285
\@thisrulewidth=\dimen176
) (/Users/mustafatelab/Library/TinyTeX/texmf-dist/tex/latex/tools/longtable.sty
Package: longtable 2021-09-01 v4.17 Multi-page Table package (DPC)
\LTleft=\skip55
\LTright=\skip56
\LTpre=\skip57
\LTpost=\skip58
\LTchunksize=\count286
\LTcapwidth=\dimen177
\LT@head=\box54
\LT@firsthead=\box55
\LT@foot=\box56
\LT@lastfoot=\box57
\LT@gbox=\box58
\LT@cols=\count287
\LT@rows=\count288
\c@LT@tables=\count289
\c@LT@chunks=\count290
\LT@p@ftn=\toks27
) (/Users/mustafatelab/Library/TinyTeX/texmf-dist/tex/latex/multirow/multirow.sty
Package: multirow 2021/03/15 v2.8 Span multiple rows of a table
\multirow@colwidth=\skip59
\multirow@cntb=\count291
\multirow@dima=\skip60
\bigstrutjot=\dimen178
) (/Users/mustafatelab/Library/TinyTeX/texmf-dist/tex/latex/wrapfig/wrapfig.sty
\wrapoverhang=\dimen179
\WF@size=\dimen180
\c@WF@wrappedlines=\count292
\WF@box=\box59
\WF@everypar=\toks28
Package: wrapfig 2003/01/31  v 3.6
) (/Users/mustafatelab/Library/TinyTeX/texmf-dist/tex/latex/float/float.sty
Package: float 2001/11/08 v1.3d Float enhancements (AL)
\c@float@type=\count293
\float@exts=\toks29
\float@box=\box60
\@float@everytoks=\toks30
\@floatcapt=\box61
) (/Users/mustafatelab/Library/TinyTeX/texmf-dist/tex/latex/colortbl/colortbl.sty
Package: colortbl 2020/01/04 v1.0e Color table columns (DPC)
(/Users/mustafatelab/Library/TinyTeX/texmf-dist/tex/latex/graphics/color.sty
Package: color 2021/10/11 v1.3b Standard LaTeX Color (DPC)
(/Users/mustafatelab/Library/TinyTeX/texmf-dist/tex/latex/graphics-cfg/color.cfg
File: color.cfg 2016/01/02 v1.6 sample color configuration
)
Package color Info: Driver file: pdftex.def on input line 149.
)
\everycr=\toks31
\minrowclearance=\skip61
) (/Users/mustafatelab/Library/TinyTeX/texmf-dist/tex/latex/pdflscape/pdflscape.sty
Package: pdflscape 2019/12/05 v0.12 Display of landscape pages in PDF (HO)
(/Users/mustafatelab/Library/TinyTeX/texmf-dist/tex/latex/graphics/lscape.sty
Package: lscape 2020/05/28 v3.02 Landscape Pages (DPC)
)
Package pdflscape Info: Auto-detected driver: pdftex on input line 81.
) (/Users/mustafatelab/Library/TinyTeX/texmf-dist/tex/latex/tabu/tabu.sty
Package: tabu 2019/01/11 v2.9 - flexible LaTeX tabulars (FC+tabu-fixed)
(/Users/mustafatelab/Library/TinyTeX/texmf-dist/tex/latex/varwidth/varwidth.sty
Package: varwidth 2009/03/30 ver 0.92;  Variable-width minipages
\@vwid@box=\box62
\sift@deathcycles=\count294
\@vwid@loff=\dimen181
\@vwid@roff=\dimen182
)
\c@taburow=\count295
\tabu@nbcols=\count296
\tabu@cnt=\count297
\tabu@Xcol=\count298
\tabu@alloc=\count299
\tabu@nested=\count300
\tabu@target=\dimen183
\tabu@spreadtarget=\dimen184
\tabu@naturalX=\dimen185
\tabucolX=\dimen186
\tabu@Xsum=\dimen187
\extrarowdepth=\dimen188
\abovetabulinesep=\dimen189
\belowtabulinesep=\dimen190
\tabustrutrule=\dimen191
\tabu@thebody=\toks32
\tabu@footnotes=\toks33
\tabu@box=\box63
\tabu@arstrutbox=\box64
\tabu@hleads=\box65
\tabu@vleads=\box66
\tabu@cellskip=\skip62
) (/Users/mustafatelab/Library/TinyTeX/texmf-dist/tex/latex/threeparttable/threeparttable.sty
Package: threeparttable 2003/06/13  v 3.0
\@tempboxb=\box67
) (/Users/mustafatelab/Library/TinyTeX/texmf-dist/tex/latex/threeparttablex/threeparttablex.sty
Package: threeparttablex 2013/07/23 v0.3 by daleif
(/Users/mustafatelab/Library/TinyTeX/texmf-dist/tex/latex/environ/environ.sty
Package: environ 2014/05/04 v0.3 A new way to define environments
(/Users/mustafatelab/Library/TinyTeX/texmf-dist/tex/latex/trimspaces/trimspaces.sty
Package: trimspaces 2009/09/17 v1.1 Trim spaces around a token list
))
\TPTL@width=\skip63
) (/Users/mustafatelab/Library/TinyTeX/texmf-dist/tex/generic/ulem/ulem.sty
\UL@box=\box68
\UL@hyphenbox=\box69
\UL@skip=\skip64
\UL@hook=\toks34
\UL@height=\dimen192
\UL@pe=\count301
\UL@pixel=\dimen193
\ULC@box=\box70
Package: ulem 2019/11/18
\ULdepth=\dimen194
) (/Users/mustafatelab/Library/TinyTeX/texmf-dist/tex/latex/makecell/makecell.sty
Package: makecell 2009/08/03 V0.1e Managing of Tab Column Heads and Cells
\rotheadsize=\dimen195
\c@nlinenum=\count302
\TeXr@lab=\toks35
) (/Users/mustafatelab/Library/TinyTeX/texmf-dist/tex/latex/xcolor/xcolor.sty
Package: xcolor 2021/10/31 v2.13 LaTeX color extensions (UK)
(/Users/mustafatelab/Library/TinyTeX/texmf-dist/tex/latex/graphics-cfg/color.cfg
File: color.cfg 2016/01/02 v1.6 sample color configuration
)
Package xcolor Info: Driver file: pdftex.def on input line 227.
LaTeX Info: Redefining \color on input line 711.
Package xcolor Info: Model `cmy' substituted by `cmy0' on input line 1352.
Package xcolor Info: Model `hsb' substituted by `rgb' on input line 1356.
Package xcolor Info: Model `RGB' extended on input line 1368.
Package xcolor Info: Model `HTML' substituted by `rgb' on input line 1370.
Package xcolor Info: Model `Hsb' substituted by `hsb' on input line 1371.
Package xcolor Info: Model `tHsb' substituted by `hsb' on input line 1372.
Package xcolor Info: Model `HSB' substituted by `hsb' on input line 1373.
Package xcolor Info: Model `Gray' substituted by `gray' on input line 1374.
Package xcolor Info: Model `wave' substituted by `hsb' on input line 1375.
) (/Users/mustafatelab/Library/TinyTeX/texmf-dist/tex/latex/tools/multicol.sty
Package: multicol 2021/10/28 v1.9b multicolumn formatting (FMi)
\c@tracingmulticols=\count303
\mult@box=\box71
\multicol@leftmargin=\dimen196
\c@unbalance=\count304
\c@collectmore=\count305
\doublecol@number=\count306
\multicoltolerance=\count307
\multicolpretolerance=\count308
\full@width=\dimen197
\page@free=\dimen198
\premulticols=\dimen199
\postmulticols=\dimen256
\multicolsep=\skip65
\multicolbaselineskip=\skip66
\partial@page=\box72
\last@line=\box73
\maxbalancingoverflow=\dimen257
\mult@rightbox=\box74
\mult@grightbox=\box75
\mult@firstbox=\box76
\mult@gfirstbox=\box77
\@tempa=\box78
\@tempa=\box79
\@tempa=\box80
\@tempa=\box81
\@tempa=\box82
\@tempa=\box83
\@tempa=\box84
\@tempa=\box85
\@tempa=\box86
\@tempa=\box87
\@tempa=\box88
\@tempa=\box89
\@tempa=\box90
\@tempa=\box91
\@tempa=\box92
\@tempa=\box93
\@tempa=\box94
\@tempa=\box95
\@tempa=\box96
\@tempa=\box97
\@tempa=\box98
\@tempa=\box99
\@tempa=\box100
\@tempa=\box101
\@tempa=\box102
\@tempa=\box103
\@tempa=\box104
\@tempa=\box105
\@tempa=\box106
\@tempa=\box107
\@tempa=\box108
\@tempa=\box109
\@tempa=\box110
\@tempa=\box111
\@tempa=\box112
\@tempa=\box113
\c@minrows=\count309
\c@columnbadness=\count310
\c@finalcolumnbadness=\count311
\last@try=\dimen258
\multicolovershoot=\dimen259
\multicolundershoot=\dimen260
\mult@nat@firstbox=\box114
\colbreak@box=\box115
\mc@col@check@num=\count312
) (/Users/mustafatelab/Library/TinyTeX/texmf-dist/tex/latex/tools/hhline.sty
Package: hhline 2020/01/04 v2.04 Table rule package (DPC)
) (/Users/mustafatelab/Library/TinyTeX/texmf-dist/tex/latex/l3backend/l3backend-pdftex.def
File: l3backend-pdftex.def 2021-10-18 L3 backend support: PDF output (pdfTeX)
\l__color_backend_stack_int=\count313
\l__pdf_internal_box=\box116
) (./Group1_HW4_WORKING_DRAFT.aux)
\openout1 = `Group1_HW4_WORKING_DRAFT.aux'.

LaTeX Font Info:    Checking defaults for OML/cmm/m/it on input line 89.
LaTeX Font Info:    ... okay on input line 89.
LaTeX Font Info:    Checking defaults for OMS/cmsy/m/n on input line 89.
LaTeX Font Info:    ... okay on input line 89.
LaTeX Font Info:    Checking defaults for OT1/cmr/m/n on input line 89.
LaTeX Font Info:    ... okay on input line 89.
LaTeX Font Info:    Checking defaults for T1/cmr/m/n on input line 89.
LaTeX Font Info:    ... okay on input line 89.
LaTeX Font Info:    Checking defaults for TS1/cmr/m/n on input line 89.
LaTeX Font Info:    ... okay on input line 89.
LaTeX Font Info:    Checking defaults for OMX/cmex/m/n on input line 89.
LaTeX Font Info:    ... okay on input line 89.
LaTeX Font Info:    Checking defaults for U/cmr/m/n on input line 89.
LaTeX Font Info:    ... okay on input line 89.
LaTeX Font Info:    Checking defaults for PD1/pdf/m/n on input line 89.
LaTeX Font Info:    ... okay on input line 89.
LaTeX Font Info:    Checking defaults for PU/pdf/m/n on input line 89.
LaTeX Font Info:    ... okay on input line 89.
Package hyperref Info: Link coloring OFF on input line 89.
(/Users/mustafatelab/Library/TinyTeX/texmf-dist/tex/latex/hyperref/nameref.sty
Package: nameref 2021-04-02 v2.47 Cross-referencing by name of section
(/Users/mustafatelab/Library/TinyTeX/texmf-dist/tex/latex/refcount/refcount.sty
Package: refcount 2019/12/15 v3.6 Data extraction from label references (HO)
) (/Users/mustafatelab/Library/TinyTeX/texmf-dist/tex/generic/gettitlestring/gettitlestring.sty
Package: gettitlestring 2019/12/15 v1.6 Cleanup title references (HO)
)
\c@section@level=\count314
)
LaTeX Info: Redefining \ref on input line 89.
LaTeX Info: Redefining \pageref on input line 89.
LaTeX Info: Redefining \nameref on input line 89.
(./Group1_HW4_WORKING_DRAFT.out) (./Group1_HW4_WORKING_DRAFT.out)
\@outlinefile=\write3
\openout3 = `Group1_HW4_WORKING_DRAFT.out'.

*geometry* driver: auto-detecting
*geometry* detected driver: pdftex
*geometry* verbose mode - [ preamble ] result:
* driver: pdftex
* paper: <default>
* layout: <same size as paper>
* layoutoffset:(h,v)=(0.0pt,0.0pt)
* modes: 
* h-part:(L,W,R)=(72.26999pt, 469.75502pt, 72.26999pt)
* v-part:(T,H,B)=(72.26999pt, 650.43001pt, 72.26999pt)
* \paperwidth=614.295pt
* \paperheight=794.96999pt
* \textwidth=469.75502pt
* \textheight=650.43001pt
* \oddsidemargin=0.0pt
* \evensidemargin=0.0pt
* \topmargin=-37.0pt
* \headheight=12.0pt
* \headsep=25.0pt
* \topskip=10.0pt
* \footskip=30.0pt
* \marginparwidth=65.0pt
* \marginparsep=11.0pt
* \columnsep=10.0pt
* \skip\footins=9.0pt plus 4.0pt minus 2.0pt
* \hoffset=0.0pt
* \voffset=0.0pt
* \mag=1000
* \@twocolumnfalse
* \@twosidefalse
* \@mparswitchfalse
* \@reversemarginfalse
* (1in=72.27pt=25.4mm, 1cm=28.453pt)

(/Users/mustafatelab/Library/TinyTeX/texmf-dist/tex/latex/epstopdf-pkg/epstopdf-base.sty
Package: epstopdf-base 2020-01-24 v2.11 Base part for package epstopdf
Package epstopdf-base Info: Redefining graphics rule for `.eps' on input line 485.
(/Users/mustafatelab/Library/TinyTeX/texmf-dist/tex/latex/latexconfig/epstopdf-sys.cfg
File: epstopdf-sys.cfg 2010/07/13 v1.3 Configuration of (r)epstopdf for TeX Live
))
LaTeX Font Info:    Trying to load font information for OT1+lmr on input line 91.
(/Users/mustafatelab/Library/TinyTeX/texmf-dist/tex/latex/lm/ot1lmr.fd
File: ot1lmr.fd 2015/05/01 v1.6.1 Font defs for Latin Modern
)
LaTeX Font Info:    Trying to load font information for OML+lmm on input line 91.
(/Users/mustafatelab/Library/TinyTeX/texmf-dist/tex/latex/lm/omllmm.fd
File: omllmm.fd 2015/05/01 v1.6.1 Font defs for Latin Modern
)
LaTeX Font Info:    Trying to load font information for OMS+lmsy on input line 91.
(/Users/mustafatelab/Library/TinyTeX/texmf-dist/tex/latex/lm/omslmsy.fd
File: omslmsy.fd 2015/05/01 v1.6.1 Font defs for Latin Modern
)
LaTeX Font Info:    Trying to load font information for OMX+lmex on input line 91.
(/Users/mustafatelab/Library/TinyTeX/texmf-dist/tex/latex/lm/omxlmex.fd
File: omxlmex.fd 2015/05/01 v1.6.1 Font defs for Latin Modern
)
LaTeX Font Info:    External font `lmex10' loaded for size
(Font)              <12> on input line 91.
LaTeX Font Info:    External font `lmex10' loaded for size
(Font)              <8> on input line 91.
LaTeX Font Info:    External font `lmex10' loaded for size
(Font)              <6> on input line 91.
LaTeX Font Info:    Trying to load font information for U+msa on input line 91.
(/Users/mustafatelab/Library/TinyTeX/texmf-dist/tex/latex/amsfonts/umsa.fd
File: umsa.fd 2013/01/14 v3.01 AMS symbols A
)
LaTeX Font Info:    Trying to load font information for U+msb on input line 91.
(/Users/mustafatelab/Library/TinyTeX/texmf-dist/tex/latex/amsfonts/umsb.fd
File: umsb.fd 2013/01/14 v3.01 AMS symbols B
)
LaTeX Font Info:    Trying to load font information for TS1+lmr on input line 110.
(/Users/mustafatelab/Library/TinyTeX/texmf-dist/tex/latex/lm/ts1lmr.fd
File: ts1lmr.fd 2015/05/01 v1.6.1 Font defs for Latin Modern
)
Overfull \hbox (14.72731pt too wide) in paragraph at lines 134--134
 []|[]\T1/lmr/m/n/11 missing_count[]|
 []


Overfull \hbox (23.40329pt too wide) in paragraph at lines 134--134
 []|[]\T1/lmr/m/n/11 missing_percent[]|
 []


Overfull \hbox (14.72731pt too wide) in paragraph at lines 142--142
 []|[]\T1/lmr/m/n/11 missing_count[]|
 []


Overfull \hbox (23.40329pt too wide) in paragraph at lines 142--142
 []|[]\T1/lmr/m/n/11 missing_percent[]|
 []

<Group1_HW4_WORKING_DRAFT_files/figure-latex/imputation_plots-1.pdf, id=76, 568.1225pt x 999.735pt>
File: Group1_HW4_WORKING_DRAFT_files/figure-latex/imputation_plots-1.pdf Graphic file (type pdf)
<use Group1_HW4_WORKING_DRAFT_files/figure-latex/imputation_plots-1.pdf>
Package pdftex.def Info: Group1_HW4_WORKING_DRAFT_files/figure-latex/imputation_plots-1.pdf  used on input line 196.
(pdftex.def)             Requested size: 369.63066pt x 650.4455pt.
[1

{/Users/mustafatelab/Library/TinyTeX/texmf-var/fonts/map/pdftex/updmap/pdftex.map}] [2 <./Group1_HW4_WORKING_DRAFT_files/figure-latex/imputation_plots-1.pdf>]

Package hyperref Warning: Difference (2) between bookmark levels is greater 
(hyperref)                than one, level fixed on input line 199.

<Group1_HW4_WORKING_DRAFT_files/figure-latex/view_distributions, figures-side-1.pdf, id=101, 404.51125pt x 289.08pt>
File: Group1_HW4_WORKING_DRAFT_files/figure-latex/view_distributions, figures-side-1.pdf Graphic file (type pdf)
<use Group1_HW4_WORKING_DRAFT_files/figure-latex/view_distributions, figures-side-1.pdf>
Package pdftex.def Info: Group1_HW4_WORKING_DRAFT_files/figure-latex/view_distributions, figures-side-1.pdf  used on input line 213.
(pdftex.def)             Requested size: 234.8821pt x 167.85619pt.
<Group1_HW4_WORKING_DRAFT_files/figure-latex/view_distributions, figures-side-2.pdf, id=102, 404.51125pt x 289.08pt>
File: Group1_HW4_WORKING_DRAFT_files/figure-latex/view_distributions, figures-side-2.pdf Graphic file (type pdf)
<use Group1_HW4_WORKING_DRAFT_files/figure-latex/view_distributions, figures-side-2.pdf>
Package pdftex.def Info: Group1_HW4_WORKING_DRAFT_files/figure-latex/view_distributions, figures-side-2.pdf  used on input line 214.
(pdftex.def)             Requested size: 234.8821pt x 167.85619pt.
<Group1_HW4_WORKING_DRAFT_files/figure-latex/view_distributions, figures-side-3.pdf, id=103, 404.51125pt x 289.08pt>
File: Group1_HW4_WORKING_DRAFT_files/figure-latex/view_distributions, figures-side-3.pdf Graphic file (type pdf)
<use Group1_HW4_WORKING_DRAFT_files/figure-latex/view_distributions, figures-side-3.pdf>
Package pdftex.def Info: Group1_HW4_WORKING_DRAFT_files/figure-latex/view_distributions, figures-side-3.pdf  used on input line 215.
(pdftex.def)             Requested size: 234.8821pt x 167.85619pt.
<Group1_HW4_WORKING_DRAFT_files/figure-latex/view_distributions, figures-side-4.pdf, id=104, 404.51125pt x 289.08pt>
File: Group1_HW4_WORKING_DRAFT_files/figure-latex/view_distributions, figures-side-4.pdf Graphic file (type pdf)
<use Group1_HW4_WORKING_DRAFT_files/figure-latex/view_distributions, figures-side-4.pdf>
Package pdftex.def Info: Group1_HW4_WORKING_DRAFT_files/figure-latex/view_distributions, figures-side-4.pdf  used on input line 216.
(pdftex.def)             Requested size: 234.8821pt x 167.85619pt.
<Group1_HW4_WORKING_DRAFT_files/figure-latex/view_distributions, figures-side-5.pdf, id=105, 411.5375pt x 289.08pt>
File: Group1_HW4_WORKING_DRAFT_files/figure-latex/view_distributions, figures-side-5.pdf Graphic file (type pdf)
<use Group1_HW4_WORKING_DRAFT_files/figure-latex/view_distributions, figures-side-5.pdf>
Package pdftex.def Info: Group1_HW4_WORKING_DRAFT_files/figure-latex/view_distributions, figures-side-5.pdf  used on input line 217.
(pdftex.def)             Requested size: 234.88023pt x 164.98903pt.
<Group1_HW4_WORKING_DRAFT_files/figure-latex/view_distributions, figures-side-6.pdf, id=106, 404.51125pt x 289.08pt>
File: Group1_HW4_WORKING_DRAFT_files/figure-latex/view_distributions, figures-side-6.pdf Graphic file (type pdf)
<use Group1_HW4_WORKING_DRAFT_files/figure-latex/view_distributions, figures-side-6.pdf>
Package pdftex.def Info: Group1_HW4_WORKING_DRAFT_files/figure-latex/view_distributions, figures-side-6.pdf  used on input line 218.
(pdftex.def)             Requested size: 234.8821pt x 167.85619pt.
<Group1_HW4_WORKING_DRAFT_files/figure-latex/view_distributions, figures-side-7.pdf, id=107, 404.51125pt x 289.08pt>
File: Group1_HW4_WORKING_DRAFT_files/figure-latex/view_distributions, figures-side-7.pdf Graphic file (type pdf)
<use Group1_HW4_WORKING_DRAFT_files/figure-latex/view_distributions, figures-side-7.pdf>
Package pdftex.def Info: Group1_HW4_WORKING_DRAFT_files/figure-latex/view_distributions, figures-side-7.pdf  used on input line 219.
(pdftex.def)             Requested size: 234.8821pt x 167.85619pt.
<Group1_HW4_WORKING_DRAFT_files/figure-latex/view_distributions, figures-side-8.pdf, id=108, 408.52625pt x 289.08pt>
File: Group1_HW4_WORKING_DRAFT_files/figure-latex/view_distributions, figures-side-8.pdf Graphic file (type pdf)
<use Group1_HW4_WORKING_DRAFT_files/figure-latex/view_distributions, figures-side-8.pdf>
Package pdftex.def Info: Group1_HW4_WORKING_DRAFT_files/figure-latex/view_distributions, figures-side-8.pdf  used on input line 220.
(pdftex.def)             Requested size: 234.88206pt x 166.20647pt.
<Group1_HW4_WORKING_DRAFT_files/figure-latex/view_distributions, figures-side-9.pdf, id=109, 404.51125pt x 289.08pt>
File: Group1_HW4_WORKING_DRAFT_files/figure-latex/view_distributions, figures-side-9.pdf Graphic file (type pdf)
<use Group1_HW4_WORKING_DRAFT_files/figure-latex/view_distributions, figures-side-9.pdf>
Package pdftex.def Info: Group1_HW4_WORKING_DRAFT_files/figure-latex/view_distributions, figures-side-9.pdf  used on input line 221.
(pdftex.def)             Requested size: 234.8821pt x 167.85619pt.
<Group1_HW4_WORKING_DRAFT_files/figure-latex/view_distributions, figures-side-10.pdf, id=110, 404.51125pt x 289.08pt>
File: Group1_HW4_WORKING_DRAFT_files/figure-latex/view_distributions, figures-side-10.pdf Graphic file (type pdf)
<use Group1_HW4_WORKING_DRAFT_files/figure-latex/view_distributions, figures-side-10.pdf>
Package pdftex.def Info: Group1_HW4_WORKING_DRAFT_files/figure-latex/view_distributions, figures-side-10.pdf  used on input line 222.
(pdftex.def)             Requested size: 234.8821pt x 167.85619pt.
<Group1_HW4_WORKING_DRAFT_files/figure-latex/view_distributions, figures-side-11.pdf, id=111, 404.51125pt x 289.08pt>
File: Group1_HW4_WORKING_DRAFT_files/figure-latex/view_distributions, figures-side-11.pdf Graphic file (type pdf)
<use Group1_HW4_WORKING_DRAFT_files/figure-latex/view_distributions, figures-side-11.pdf>
Package pdftex.def Info: Group1_HW4_WORKING_DRAFT_files/figure-latex/view_distributions, figures-side-11.pdf  used on input line 223.
(pdftex.def)             Requested size: 234.8821pt x 167.85619pt.
<Group1_HW4_WORKING_DRAFT_files/figure-latex/view_distributions, figures-side-12.pdf, id=112, 413.545pt x 289.08pt>
File: Group1_HW4_WORKING_DRAFT_files/figure-latex/view_distributions, figures-side-12.pdf Graphic file (type pdf)
<use Group1_HW4_WORKING_DRAFT_files/figure-latex/view_distributions, figures-side-12.pdf>
Package pdftex.def Info: Group1_HW4_WORKING_DRAFT_files/figure-latex/view_distributions, figures-side-12.pdf  used on input line 224.
(pdftex.def)             Requested size: 234.88383pt x 164.19064pt.
<Group1_HW4_WORKING_DRAFT_files/figure-latex/view_distributions, figures-side-13.pdf, id=113, 404.51125pt x 289.08pt>
File: Group1_HW4_WORKING_DRAFT_files/figure-latex/view_distributions, figures-side-13.pdf Graphic file (type pdf)
<use Group1_HW4_WORKING_DRAFT_files/figure-latex/view_distributions, figures-side-13.pdf>
Package pdftex.def Info: Group1_HW4_WORKING_DRAFT_files/figure-latex/view_distributions, figures-side-13.pdf  used on input line 225.
(pdftex.def)             Requested size: 234.8821pt x 167.85619pt.
<Group1_HW4_WORKING_DRAFT_files/figure-latex/view_distributions, figures-side-14.pdf, id=114, 404.51125pt x 289.08pt>
File: Group1_HW4_WORKING_DRAFT_files/figure-latex/view_distributions, figures-side-14.pdf Graphic file (type pdf)
<use Group1_HW4_WORKING_DRAFT_files/figure-latex/view_distributions, figures-side-14.pdf>
Package pdftex.def Info: Group1_HW4_WORKING_DRAFT_files/figure-latex/view_distributions, figures-side-14.pdf  used on input line 226.
(pdftex.def)             Requested size: 234.8821pt x 167.85619pt.
<Group1_HW4_WORKING_DRAFT_files/figure-latex/view_distributions, figures-side-15.pdf, id=115, 404.51125pt x 289.08pt>
File: Group1_HW4_WORKING_DRAFT_files/figure-latex/view_distributions, figures-side-15.pdf Graphic file (type pdf)
<use Group1_HW4_WORKING_DRAFT_files/figure-latex/view_distributions, figures-side-15.pdf>
Package pdftex.def Info: Group1_HW4_WORKING_DRAFT_files/figure-latex/view_distributions, figures-side-15.pdf  used on input line 227.
(pdftex.def)             Requested size: 234.8821pt x 167.85619pt.

Overfull \hbox (2.23138pt too wide) in paragraph at lines 213--228
[][] []
 []


Overfull \hbox (2.23138pt too wide) in paragraph at lines 213--228
[] []
 []


Overfull \hbox (2.22952pt too wide) in paragraph at lines 213--228
[] []
 []


Overfull \hbox (2.23135pt too wide) in paragraph at lines 213--228
[] []
 []


Overfull \hbox (2.23138pt too wide) in paragraph at lines 213--228
[] []
 []


Overfull \hbox (2.23312pt too wide) in paragraph at lines 213--228
[] []
 []


Overfull \hbox (2.23138pt too wide) in paragraph at lines 213--228
[] []
 []

[3 <./Group1_HW4_WORKING_DRAFT_files/figure-latex/view_distributions, figures-side-1.pdf> <./Group1_HW4_WORKING_DRAFT_files/figure-latex/view_distributions, figures-side-2.pdf> <./Group1_HW4_WORKING_DRAFT_files/figure-latex/view_distributions, figures-side-3.pdf> <./Group1_HW4_WORKING_DRAFT_files/figure-latex/view_distributions, figures-side-4.pdf> <./Group1_HW4_WORKING_DRAFT_files/figure-latex/view_distributions, figures-side-5.pdf> <./Group1_HW4_WORKING_DRAFT_files/figure-latex/view_distributions, figures-side-6.pdf>] [4 <./Group1_HW4_WORKING_DRAFT_files/figure-latex/view_distributions, figures-side-7.pdf> <./Group1_HW4_WORKING_DRAFT_files/figure-latex/view_distributions, figures-side-8.pdf> <./Group1_HW4_WORKING_DRAFT_files/figure-latex/view_distributions, figures-side-9.pdf> <./Group1_HW4_WORKING_DRAFT_files/figure-latex/view_distributions, figures-side-10.pdf> <./Group1_HW4_WORKING_DRAFT_files/figure-latex/view_distributions, figures-side-11.pdf> <./Group1_HW4_WORKING_DRAFT_files/figure-latex/view_distributions, figures-side-12.pdf>]
Overfull \hbox (3.2974pt too wide) in paragraph at lines 247--247
 []|[]\T1/lmr/m/n/11 outliers_cnt[]|
 []


Overfull \hbox (10.77715pt too wide) in paragraph at lines 247--247
 []|[]\T1/lmr/m/n/11 outliers_ratio[]|
 []


Overfull \hbox (13.76945pt too wide) in paragraph at lines 247--247
 []|[]\T1/lmr/m/n/11 outliers_mean[]|
 []


Overfull \hbox (15.505pt too wide) in paragraph at lines 247--247
 []|[]\T1/lmr/m/n/11 without_mean[]|
 []


Overfull \hbox (3.2974pt too wide) in paragraph at lines 255--255
 []|[]\T1/lmr/m/n/11 outliers_cnt[]|
 []


Overfull \hbox (10.77715pt too wide) in paragraph at lines 255--255
 []|[]\T1/lmr/m/n/11 outliers_ratio[]|
 []


Overfull \hbox (13.76945pt too wide) in paragraph at lines 255--255
 []|[]\T1/lmr/m/n/11 outliers_mean[]|
 []


Overfull \hbox (15.505pt too wide) in paragraph at lines 255--255
 []|[]\T1/lmr/m/n/11 without_mean[]|
 []

[5 <./Group1_HW4_WORKING_DRAFT_files/figure-latex/view_distributions, figures-side-13.pdf> <./Group1_HW4_WORKING_DRAFT_files/figure-latex/view_distributions, figures-side-14.pdf> <./Group1_HW4_WORKING_DRAFT_files/figure-latex/view_distributions, figures-side-15.pdf>]
<Group1_HW4_WORKING_DRAFT_files/figure-latex/flag_categorical_relationship, figures-side-1.pdf, id=298, 411.5375pt x 266.9975pt>
File: Group1_HW4_WORKING_DRAFT_files/figure-latex/flag_categorical_relationship, figures-side-1.pdf Graphic file (type pdf)
<use Group1_HW4_WORKING_DRAFT_files/figure-latex/flag_categorical_relationship, figures-side-1.pdf>
Package pdftex.def Info: Group1_HW4_WORKING_DRAFT_files/figure-latex/flag_categorical_relationship, figures-side-1.pdf  used on input line 362.
(pdftex.def)             Requested size: 234.88023pt x 152.3857pt.
<Group1_HW4_WORKING_DRAFT_files/figure-latex/flag_categorical_relationship, figures-side-2.pdf, id=299, 411.5375pt x 263.98625pt>
File: Group1_HW4_WORKING_DRAFT_files/figure-latex/flag_categorical_relationship, figures-side-2.pdf Graphic file (type pdf)
<use Group1_HW4_WORKING_DRAFT_files/figure-latex/flag_categorical_relationship, figures-side-2.pdf>
Package pdftex.def Info: Group1_HW4_WORKING_DRAFT_files/figure-latex/flag_categorical_relationship, figures-side-2.pdf  used on input line 363.
(pdftex.def)             Requested size: 234.88023pt x 150.66707pt.
<Group1_HW4_WORKING_DRAFT_files/figure-latex/flag_categorical_relationship, figures-side-3.pdf, id=300, 411.5375pt x 263.98625pt>
File: Group1_HW4_WORKING_DRAFT_files/figure-latex/flag_categorical_relationship, figures-side-3.pdf Graphic file (type pdf)
<use Group1_HW4_WORKING_DRAFT_files/figure-latex/flag_categorical_relationship, figures-side-3.pdf>
Package pdftex.def Info: Group1_HW4_WORKING_DRAFT_files/figure-latex/flag_categorical_relationship, figures-side-3.pdf  used on input line 364.
(pdftex.def)             Requested size: 234.88023pt x 150.66707pt.
<Group1_HW4_WORKING_DRAFT_files/figure-latex/flag_categorical_relationship, figures-side-4.pdf, id=301, 411.5375pt x 263.98625pt>
File: Group1_HW4_WORKING_DRAFT_files/figure-latex/flag_categorical_relationship, figures-side-4.pdf Graphic file (type pdf)
<use Group1_HW4_WORKING_DRAFT_files/figure-latex/flag_categorical_relationship, figures-side-4.pdf>
Package pdftex.def Info: Group1_HW4_WORKING_DRAFT_files/figure-latex/flag_categorical_relationship, figures-side-4.pdf  used on input line 365.
(pdftex.def)             Requested size: 234.88023pt x 150.66707pt.
<Group1_HW4_WORKING_DRAFT_files/figure-latex/flag_categorical_relationship, figures-side-5.pdf, id=302, 411.5375pt x 266.9975pt>
File: Group1_HW4_WORKING_DRAFT_files/figure-latex/flag_categorical_relationship, figures-side-5.pdf Graphic file (type pdf)
<use Group1_HW4_WORKING_DRAFT_files/figure-latex/flag_categorical_relationship, figures-side-5.pdf>
Package pdftex.def Info: Group1_HW4_WORKING_DRAFT_files/figure-latex/flag_categorical_relationship, figures-side-5.pdf  used on input line 366.
(pdftex.def)             Requested size: 234.88023pt x 152.3857pt.
<Group1_HW4_WORKING_DRAFT_files/figure-latex/flag_categorical_relationship, figures-side-6.pdf, id=303, 411.5375pt x 265.99374pt>
File: Group1_HW4_WORKING_DRAFT_files/figure-latex/flag_categorical_relationship, figures-side-6.pdf Graphic file (type pdf)
<use Group1_HW4_WORKING_DRAFT_files/figure-latex/flag_categorical_relationship, figures-side-6.pdf>
Package pdftex.def Info: Group1_HW4_WORKING_DRAFT_files/figure-latex/flag_categorical_relationship, figures-side-6.pdf  used on input line 367.
(pdftex.def)             Requested size: 234.88023pt x 151.81282pt.
<Group1_HW4_WORKING_DRAFT_files/figure-latex/flag_categorical_relationship, figures-side-7.pdf, id=304, 411.5375pt x 266.9975pt>
File: Group1_HW4_WORKING_DRAFT_files/figure-latex/flag_categorical_relationship, figures-side-7.pdf Graphic file (type pdf)
<use Group1_HW4_WORKING_DRAFT_files/figure-latex/flag_categorical_relationship, figures-side-7.pdf>
Package pdftex.def Info: Group1_HW4_WORKING_DRAFT_files/figure-latex/flag_categorical_relationship, figures-side-7.pdf  used on input line 368.
(pdftex.def)             Requested size: 234.88023pt x 152.3857pt.
<Group1_HW4_WORKING_DRAFT_files/figure-latex/flag_categorical_relationship, figures-side-8.pdf, id=305, 411.5375pt x 265.99374pt>
File: Group1_HW4_WORKING_DRAFT_files/figure-latex/flag_categorical_relationship, figures-side-8.pdf Graphic file (type pdf)
<use Group1_HW4_WORKING_DRAFT_files/figure-latex/flag_categorical_relationship, figures-side-8.pdf>
Package pdftex.def Info: Group1_HW4_WORKING_DRAFT_files/figure-latex/flag_categorical_relationship, figures-side-8.pdf  used on input line 369.
(pdftex.def)             Requested size: 234.88023pt x 151.81282pt.
<Group1_HW4_WORKING_DRAFT_files/figure-latex/flag_categorical_relationship, figures-side-9.pdf, id=306, 411.5375pt x 263.98625pt>
File: Group1_HW4_WORKING_DRAFT_files/figure-latex/flag_categorical_relationship, figures-side-9.pdf Graphic file (type pdf)
<use Group1_HW4_WORKING_DRAFT_files/figure-latex/flag_categorical_relationship, figures-side-9.pdf>
Package pdftex.def Info: Group1_HW4_WORKING_DRAFT_files/figure-latex/flag_categorical_relationship, figures-side-9.pdf  used on input line 370.
(pdftex.def)             Requested size: 234.88023pt x 150.66707pt.
<Group1_HW4_WORKING_DRAFT_files/figure-latex/flag_categorical_relationship, figures-side-10.pdf, id=307, 411.5375pt x 266.9975pt>
File: Group1_HW4_WORKING_DRAFT_files/figure-latex/flag_categorical_relationship, figures-side-10.pdf Graphic file (type pdf)
<use Group1_HW4_WORKING_DRAFT_files/figure-latex/flag_categorical_relationship, figures-side-10.pdf>
Package pdftex.def Info: Group1_HW4_WORKING_DRAFT_files/figure-latex/flag_categorical_relationship, figures-side-10.pdf  used on input line 371.
(pdftex.def)             Requested size: 234.88023pt x 152.3857pt.

Overfull \hbox (2.22766pt too wide) in paragraph at lines 362--372
[][] []
 []


Overfull \hbox (2.22766pt too wide) in paragraph at lines 362--372
[] []
 []


Overfull \hbox (2.22766pt too wide) in paragraph at lines 362--372
[] []
 []


Overfull \hbox (2.22766pt too wide) in paragraph at lines 362--372
[] []
 []


Overfull \hbox (2.22766pt too wide) in paragraph at lines 362--372
[] [] 
 []

[6 <./Group1_HW4_WORKING_DRAFT_files/figure-latex/flag_categorical_relationship, figures-side-1.pdf> <./Group1_HW4_WORKING_DRAFT_files/figure-latex/flag_categorical_relationship, figures-side-2.pdf> <./Group1_HW4_WORKING_DRAFT_files/figure-latex/flag_categorical_relationship, figures-side-3.pdf> <./Group1_HW4_WORKING_DRAFT_files/figure-latex/flag_categorical_relationship, figures-side-4.pdf> <./Group1_HW4_WORKING_DRAFT_files/figure-latex/flag_categorical_relationship, figures-side-5.pdf> <./Group1_HW4_WORKING_DRAFT_files/figure-latex/flag_categorical_relationship, figures-side-6.pdf>]
LaTeX Font Info:    Trying to load font information for T1+lmtt on input line 375.
(/Users/mustafatelab/Library/TinyTeX/texmf-dist/tex/latex/lm/t1lmtt.fd
File: t1lmtt.fd 2015/05/01 v1.6.1 Font defs for Latin Modern
)
<Group1_HW4_WORKING_DRAFT_files/figure-latex/unnamed-chunk-3-1.pdf, id=361, 303.1325pt x 315.1775pt>
File: Group1_HW4_WORKING_DRAFT_files/figure-latex/unnamed-chunk-3-1.pdf Graphic file (type pdf)
<use Group1_HW4_WORKING_DRAFT_files/figure-latex/unnamed-chunk-3-1.pdf>
Package pdftex.def Info: Group1_HW4_WORKING_DRAFT_files/figure-latex/unnamed-chunk-3-1.pdf  used on input line 376.
(pdftex.def)             Requested size: 303.13638pt x 315.18153pt.
<Group1_HW4_WORKING_DRAFT_files/figure-latex/unnamed-chunk-3-2.pdf, id=362, 459.7175pt x 315.1775pt>
File: Group1_HW4_WORKING_DRAFT_files/figure-latex/unnamed-chunk-3-2.pdf Graphic file (type pdf)
<use Group1_HW4_WORKING_DRAFT_files/figure-latex/unnamed-chunk-3-2.pdf>
Package pdftex.def Info: Group1_HW4_WORKING_DRAFT_files/figure-latex/unnamed-chunk-3-2.pdf  used on input line 378.
(pdftex.def)             Requested size: 459.74442pt x 315.19595pt.
<Group1_HW4_WORKING_DRAFT_files/figure-latex/unnamed-chunk-3-3.pdf, id=363, 459.7175pt x 315.1775pt>
File: Group1_HW4_WORKING_DRAFT_files/figure-latex/unnamed-chunk-3-3.pdf Graphic file (type pdf)
<use Group1_HW4_WORKING_DRAFT_files/figure-latex/unnamed-chunk-3-3.pdf>
Package pdftex.def Info: Group1_HW4_WORKING_DRAFT_files/figure-latex/unnamed-chunk-3-3.pdf  used on input line 380.
(pdftex.def)             Requested size: 459.74442pt x 315.19595pt.
<Group1_HW4_WORKING_DRAFT_files/figure-latex/unnamed-chunk-3-4.pdf, id=364, 459.7175pt x 315.1775pt>
File: Group1_HW4_WORKING_DRAFT_files/figure-latex/unnamed-chunk-3-4.pdf Graphic file (type pdf)
<use Group1_HW4_WORKING_DRAFT_files/figure-latex/unnamed-chunk-3-4.pdf>
Package pdftex.def Info: Group1_HW4_WORKING_DRAFT_files/figure-latex/unnamed-chunk-3-4.pdf  used on input line 382.
(pdftex.def)             Requested size: 459.74442pt x 315.19595pt.
<Group1_HW4_WORKING_DRAFT_files/figure-latex/unnamed-chunk-3-5.pdf, id=365, 459.7175pt x 315.1775pt>
File: Group1_HW4_WORKING_DRAFT_files/figure-latex/unnamed-chunk-3-5.pdf Graphic file (type pdf)
<use Group1_HW4_WORKING_DRAFT_files/figure-latex/unnamed-chunk-3-5.pdf>
Package pdftex.def Info: Group1_HW4_WORKING_DRAFT_files/figure-latex/unnamed-chunk-3-5.pdf  used on input line 384.
(pdftex.def)             Requested size: 459.74442pt x 315.19595pt.

Overfull \hbox (320.29239pt too wide) in paragraph at lines 375--386
[]\T1/lmr/m/n/10 $\T1/lmtt/m/n/10 1 [] \T1/lmr/m/n/10 $\T1/lmtt/m/n/10 2 []
 []


Overfull \hbox (2.4616pt too wide) in paragraph at lines 375--386
\T1/lmr/m/n/10 $\T1/lmtt/m/n/10 3 []
 []


Overfull \hbox (2.4616pt too wide) in paragraph at lines 375--386
\T1/lmr/m/n/10 $\T1/lmtt/m/n/10 4 []
 []


Overfull \hbox (2.4616pt too wide) in paragraph at lines 375--386
\T1/lmr/m/n/10 $\T1/lmtt/m/n/10 5 []
 []

[7 <./Group1_HW4_WORKING_DRAFT_files/figure-latex/flag_categorical_relationship, figures-side-7.pdf> <./Group1_HW4_WORKING_DRAFT_files/figure-latex/flag_categorical_relationship, figures-side-8.pdf> <./Group1_HW4_WORKING_DRAFT_files/figure-latex/flag_categorical_relationship, figures-side-9.pdf> <./Group1_HW4_WORKING_DRAFT_files/figure-latex/flag_categorical_relationship, figures-side-10.pdf> <./Group1_HW4_WORKING_DRAFT_files/figure-latex/unnamed-chunk-3-1.pdf> <./Group1_HW4_WORKING_DRAFT_files/figure-latex/unnamed-chunk-3-2.pdf>] [8 <./Group1_HW4_WORKING_DRAFT_files/figure-latex/unnamed-chunk-3-3.pdf> <./Group1_HW4_WORKING_DRAFT_files/figure-latex/unnamed-chunk-3-4.pdf>]
<Group1_HW4_WORKING_DRAFT_files/figure-latex/plot covariance-1.pdf, id=454, 512.91624pt x 422.57875pt>
File: Group1_HW4_WORKING_DRAFT_files/figure-latex/plot covariance-1.pdf Graphic file (type pdf)
<use Group1_HW4_WORKING_DRAFT_files/figure-latex/plot covariance-1.pdf>
Package pdftex.def Info: Group1_HW4_WORKING_DRAFT_files/figure-latex/plot covariance-1.pdf  used on input line 401.
(pdftex.def)             Requested size: 469.75987pt x 387.0233pt.
[9 <./Group1_HW4_WORKING_DRAFT_files/figure-latex/unnamed-chunk-3-5.pdf>] [10 <./Group1_HW4_WORKING_DRAFT_files/figure-latex/plot covariance-1.pdf>]
LaTeX Font Info:    External font `lmex10' loaded for size
(Font)              <10> on input line 554.
LaTeX Font Info:    External font `lmex10' loaded for size
(Font)              <7> on input line 554.
LaTeX Font Info:    External font `lmex10' loaded for size
(Font)              <5> on input line 554.

LaTeX Warning: `!h' float specifier changed to `!ht'.


LaTeX Warning: `!h' float specifier changed to `!ht'.

[11] [12]
<Group1_HW4_WORKING_DRAFT_files/figure-latex/flagm1_diagnostics-1.pdf, id=502, 285.065pt x 309.155pt>
File: Group1_HW4_WORKING_DRAFT_files/figure-latex/flagm1_diagnostics-1.pdf Graphic file (type pdf)
<use Group1_HW4_WORKING_DRAFT_files/figure-latex/flagm1_diagnostics-1.pdf>
Package pdftex.def Info: Group1_HW4_WORKING_DRAFT_files/figure-latex/flagm1_diagnostics-1.pdf  used on input line 630.
(pdftex.def)             Requested size: 285.0643pt x 309.15424pt.

Overfull \vbox (208.8657pt too high) has occurred while \output is active []

[13 <./Group1_HW4_WORKING_DRAFT_files/figure-latex/flagm1_diagnostics-1.pdf>]
<Group1_HW4_WORKING_DRAFT_files/figure-latex/flagm1_linearity-1.pdf, id=516, 436.63126pt x 248.93pt>
File: Group1_HW4_WORKING_DRAFT_files/figure-latex/flagm1_linearity-1.pdf Graphic file (type pdf)
<use Group1_HW4_WORKING_DRAFT_files/figure-latex/flagm1_linearity-1.pdf>
Package pdftex.def Info: Group1_HW4_WORKING_DRAFT_files/figure-latex/flagm1_linearity-1.pdf  used on input line 647.
(pdftex.def)             Requested size: 436.63019pt x 248.92938pt.
<Group1_HW4_WORKING_DRAFT_files/figure-latex/flagm1_linearity-2.pdf, id=517, 436.63126pt x 248.93pt>
File: Group1_HW4_WORKING_DRAFT_files/figure-latex/flagm1_linearity-2.pdf Graphic file (type pdf)
<use Group1_HW4_WORKING_DRAFT_files/figure-latex/flagm1_linearity-2.pdf>
Package pdftex.def Info: Group1_HW4_WORKING_DRAFT_files/figure-latex/flagm1_linearity-2.pdf  used on input line 648.
(pdftex.def)             Requested size: 436.63019pt x 248.92938pt.
<Group1_HW4_WORKING_DRAFT_files/figure-latex/flagm1_linearity-3.pdf, id=518, 436.63126pt x 250.9375pt>
File: Group1_HW4_WORKING_DRAFT_files/figure-latex/flagm1_linearity-3.pdf Graphic file (type pdf)
<use Group1_HW4_WORKING_DRAFT_files/figure-latex/flagm1_linearity-3.pdf>
Package pdftex.def Info: Group1_HW4_WORKING_DRAFT_files/figure-latex/flagm1_linearity-3.pdf  used on input line 649.
(pdftex.def)             Requested size: 436.63019pt x 250.93687pt.
<Group1_HW4_WORKING_DRAFT_files/figure-latex/flagm1_linearity-4.pdf, id=519, 436.63126pt x 250.9375pt>
File: Group1_HW4_WORKING_DRAFT_files/figure-latex/flagm1_linearity-4.pdf Graphic file (type pdf)
<use Group1_HW4_WORKING_DRAFT_files/figure-latex/flagm1_linearity-4.pdf>
Package pdftex.def Info: Group1_HW4_WORKING_DRAFT_files/figure-latex/flagm1_linearity-4.pdf  used on input line 650.
(pdftex.def)             Requested size: 436.63019pt x 250.93687pt.
<Group1_HW4_WORKING_DRAFT_files/figure-latex/flagm1_linearity-5.pdf, id=520, 436.63126pt x 248.93pt>
File: Group1_HW4_WORKING_DRAFT_files/figure-latex/flagm1_linearity-5.pdf Graphic file (type pdf)
<use Group1_HW4_WORKING_DRAFT_files/figure-latex/flagm1_linearity-5.pdf>
Package pdftex.def Info: Group1_HW4_WORKING_DRAFT_files/figure-latex/flagm1_linearity-5.pdf  used on input line 651.
(pdftex.def)             Requested size: 436.63019pt x 248.92938pt.
<Group1_HW4_WORKING_DRAFT_files/figure-latex/flagm1_linearity-6.pdf, id=521, 436.63126pt x 250.9375pt>
File: Group1_HW4_WORKING_DRAFT_files/figure-latex/flagm1_linearity-6.pdf Graphic file (type pdf)
<use Group1_HW4_WORKING_DRAFT_files/figure-latex/flagm1_linearity-6.pdf>
Package pdftex.def Info: Group1_HW4_WORKING_DRAFT_files/figure-latex/flagm1_linearity-6.pdf  used on input line 652.
(pdftex.def)             Requested size: 436.63019pt x 250.93687pt.
<Group1_HW4_WORKING_DRAFT_files/figure-latex/flagm1_linearity-7.pdf, id=522, 439.6425pt x 248.93pt>
File: Group1_HW4_WORKING_DRAFT_files/figure-latex/flagm1_linearity-7.pdf Graphic file (type pdf)
<use Group1_HW4_WORKING_DRAFT_files/figure-latex/flagm1_linearity-7.pdf>
Package pdftex.def Info: Group1_HW4_WORKING_DRAFT_files/figure-latex/flagm1_linearity-7.pdf  used on input line 653.
(pdftex.def)             Requested size: 439.64812pt x 248.93317pt.

Underfull \hbox (badness 10000) in paragraph at lines 647--654
[][]
 []


Underfull \hbox (badness 10000) in paragraph at lines 647--654
[]
 []


Underfull \hbox (badness 10000) in paragraph at lines 647--654
[]
 []


Underfull \hbox (badness 10000) in paragraph at lines 647--654
[]
 []


Underfull \hbox (badness 10000) in paragraph at lines 647--654
[]
 []


Underfull \hbox (badness 10000) in paragraph at lines 647--654
[]
 []

[14 <./Group1_HW4_WORKING_DRAFT_files/figure-latex/flagm1_linearity-1.pdf> <./Group1_HW4_WORKING_DRAFT_files/figure-latex/flagm1_linearity-2.pdf>] [15 <./Group1_HW4_WORKING_DRAFT_files/figure-latex/flagm1_linearity-3.pdf> <./Group1_HW4_WORKING_DRAFT_files/figure-latex/flagm1_linearity-4.pdf>] [16 <./Group1_HW4_WORKING_DRAFT_files/figure-latex/flagm1_linearity-5.pdf> <./Group1_HW4_WORKING_DRAFT_files/figure-latex/flagm1_linearity-6.pdf>]
Underfull \hbox (badness 10000) in paragraph at lines 664--665
[]\T1/lmr/m/n/10 **[]$http : / / www . sthda . com / english / articles / 36 -[] classi^^\cation -[] methods -[] essentials / 148 -[] logistic -[] regression -[]
 []

<Group1_HW4_WORKING_DRAFT_files/figure-latex/unnamed-chunk-7-1.pdf, id=578, 457.71pt x 282.05376pt>
File: Group1_HW4_WORKING_DRAFT_files/figure-latex/unnamed-chunk-7-1.pdf Graphic file (type pdf)
<use Group1_HW4_WORKING_DRAFT_files/figure-latex/unnamed-chunk-7-1.pdf>
Package pdftex.def Info: Group1_HW4_WORKING_DRAFT_files/figure-latex/unnamed-chunk-7-1.pdf  used on input line 666.
(pdftex.def)             Requested size: 457.72984pt x 282.06596pt.
<Group1_HW4_WORKING_DRAFT_files/figure-latex/unnamed-chunk-7-2.pdf, id=579, 453.695pt x 313.17pt>
File: Group1_HW4_WORKING_DRAFT_files/figure-latex/unnamed-chunk-7-2.pdf Graphic file (type pdf)
<use Group1_HW4_WORKING_DRAFT_files/figure-latex/unnamed-chunk-7-2.pdf>
Package pdftex.def Info: Group1_HW4_WORKING_DRAFT_files/figure-latex/unnamed-chunk-7-2.pdf  used on input line 667.
(pdftex.def)             Requested size: 453.6939pt x 313.16922pt.

Underfull \hbox (badness 10000) in paragraph at lines 666--668
[][]
 []

[17 <./Group1_HW4_WORKING_DRAFT_files/figure-latex/flagm1_linearity-7.pdf> <./Group1_HW4_WORKING_DRAFT_files/figure-latex/unnamed-chunk-7-1.pdf>]
<Group1_HW4_WORKING_DRAFT_files/figure-latex/flagm1_Independence-1.pdf, id=600, 545.03625pt x 504.88625pt>
File: Group1_HW4_WORKING_DRAFT_files/figure-latex/flagm1_Independence-1.pdf Graphic file (type pdf)
<use Group1_HW4_WORKING_DRAFT_files/figure-latex/flagm1_Independence-1.pdf>
Package pdftex.def Info: Group1_HW4_WORKING_DRAFT_files/figure-latex/flagm1_Independence-1.pdf  used on input line 677.
(pdftex.def)             Requested size: 469.7533pt x 435.14899pt.
[18 <./Group1_HW4_WORKING_DRAFT_files/figure-latex/unnamed-chunk-7-2.pdf>]
<Group1_HW4_WORKING_DRAFT_files/figure-latex/flagm1_fit-1.pdf, id=616, 705.63625pt x 693.59125pt>
File: Group1_HW4_WORKING_DRAFT_files/figure-latex/flagm1_fit-1.pdf Graphic file (type pdf)
<use Group1_HW4_WORKING_DRAFT_files/figure-latex/flagm1_fit-1.pdf>
Package pdftex.def Info: Group1_HW4_WORKING_DRAFT_files/figure-latex/flagm1_fit-1.pdf  used on input line 686.
(pdftex.def)             Requested size: 469.75903pt x 461.74039pt.
[19 <./Group1_HW4_WORKING_DRAFT_files/figure-latex/flagm1_Independence-1.pdf>]
<Group1_HW4_WORKING_DRAFT_files/figure-latex/flagm1_fit-2.pdf, id=629, 460.72125pt x 221.82875pt>
File: Group1_HW4_WORKING_DRAFT_files/figure-latex/flagm1_fit-2.pdf Graphic file (type pdf)
<use Group1_HW4_WORKING_DRAFT_files/figure-latex/flagm1_fit-2.pdf>
Package pdftex.def Info: Group1_HW4_WORKING_DRAFT_files/figure-latex/flagm1_fit-2.pdf  used on input line 688.
(pdftex.def)             Requested size: 460.72012pt x 221.82819pt.
[20 <./Group1_HW4_WORKING_DRAFT_files/figure-latex/flagm1_fit-1.pdf>] [21 <./Group1_HW4_WORKING_DRAFT_files/figure-latex/flagm1_fit-2.pdf>]

LaTeX Warning: `!h' float specifier changed to `!ht'.

[22] [23]
<Group1_HW4_WORKING_DRAFT_files/figure-latex/flagm2_diagnostics -1.pdf, id=663, 682.55pt x 706.64pt>
File: Group1_HW4_WORKING_DRAFT_files/figure-latex/flagm2_diagnostics -1.pdf Graphic file (type pdf)
<use Group1_HW4_WORKING_DRAFT_files/figure-latex/flagm2_diagnostics -1.pdf>
Package pdftex.def Info: Group1_HW4_WORKING_DRAFT_files/figure-latex/flagm2_diagnostics -1.pdf  used on input line 819.
(pdftex.def)             Requested size: 469.7623pt x 486.34215pt.
[24]
<Group1_HW4_WORKING_DRAFT_files/figure-latex/flagm2_diagnostics -2.pdf, id=669, 693.59125pt x 693.59125pt>
File: Group1_HW4_WORKING_DRAFT_files/figure-latex/flagm2_diagnostics -2.pdf Graphic file (type pdf)
<use Group1_HW4_WORKING_DRAFT_files/figure-latex/flagm2_diagnostics -2.pdf>
Package pdftex.def Info: Group1_HW4_WORKING_DRAFT_files/figure-latex/flagm2_diagnostics -2.pdf  used on input line 821.
(pdftex.def)             Requested size: 469.77315pt x 469.77315pt.
[25 <./Group1_HW4_WORKING_DRAFT_files/figure-latex/flagm2_diagnostics -1.pdf>]
<Group1_HW4_WORKING_DRAFT_files/figure-latex/flagm2_diagnostics -3.pdf, id=683, 211.79124pt x 221.82875pt>
File: Group1_HW4_WORKING_DRAFT_files/figure-latex/flagm2_diagnostics -3.pdf Graphic file (type pdf)
<use Group1_HW4_WORKING_DRAFT_files/figure-latex/flagm2_diagnostics -3.pdf>
Package pdftex.def Info: Group1_HW4_WORKING_DRAFT_files/figure-latex/flagm2_diagnostics -3.pdf  used on input line 823.
(pdftex.def)             Requested size: 211.79073pt x 221.82819pt.
[26 <./Group1_HW4_WORKING_DRAFT_files/figure-latex/flagm2_diagnostics -2.pdf>] [27 <./Group1_HW4_WORKING_DRAFT_files/figure-latex/flagm2_diagnostics -3.pdf>]
<Group1_HW4_WORKING_DRAFT_files/figure-latex/unnamed-chunk-8-1.pdf, id=706, 545.03625pt x 504.88625pt>
File: Group1_HW4_WORKING_DRAFT_files/figure-latex/unnamed-chunk-8-1.pdf Graphic file (type pdf)
<use Group1_HW4_WORKING_DRAFT_files/figure-latex/unnamed-chunk-8-1.pdf>
Package pdftex.def Info: Group1_HW4_WORKING_DRAFT_files/figure-latex/unnamed-chunk-8-1.pdf  used on input line 831.
(pdftex.def)             Requested size: 469.7533pt x 435.14899pt.
[28 <./Group1_HW4_WORKING_DRAFT_files/figure-latex/unnamed-chunk-8-1.pdf>]
<Group1_HW4_WORKING_DRAFT_files/figure-latex/set_flagdf3-1.pdf, id=718, 453.695pt x 313.17pt>
File: Group1_HW4_WORKING_DRAFT_files/figure-latex/set_flagdf3-1.pdf Graphic file (type pdf)
<use Group1_HW4_WORKING_DRAFT_files/figure-latex/set_flagdf3-1.pdf>
Package pdftex.def Info: Group1_HW4_WORKING_DRAFT_files/figure-latex/set_flagdf3-1.pdf  used on input line 850.
(pdftex.def)             Requested size: 453.6939pt x 313.16922pt.

LaTeX Warning: `!h' float specifier changed to `!ht'.


LaTeX Warning: `!h' float specifier changed to `!ht'.

[29 <./Group1_HW4_WORKING_DRAFT_files/figure-latex/set_flagdf3-1.pdf>]
<Group1_HW4_WORKING_DRAFT_files/figure-latex/flagm3_diagnostics -1.pdf, id=732, 321.2pt x 345.29pt>
File: Group1_HW4_WORKING_DRAFT_files/figure-latex/flagm3_diagnostics -1.pdf Graphic file (type pdf)
<use Group1_HW4_WORKING_DRAFT_files/figure-latex/flagm3_diagnostics -1.pdf>
Package pdftex.def Info: Group1_HW4_WORKING_DRAFT_files/figure-latex/flagm3_diagnostics -1.pdf  used on input line 940.
(pdftex.def)             Requested size: 321.20412pt x 345.2944pt.
<Group1_HW4_WORKING_DRAFT_files/figure-latex/flagm3_diagnostics -2.pdf, id=733, 330.23375pt x 325.215pt>
File: Group1_HW4_WORKING_DRAFT_files/figure-latex/flagm3_diagnostics -2.pdf Graphic file (type pdf)
<use Group1_HW4_WORKING_DRAFT_files/figure-latex/flagm3_diagnostics -2.pdf>
Package pdftex.def Info: Group1_HW4_WORKING_DRAFT_files/figure-latex/flagm3_diagnostics -2.pdf  used on input line 942.
(pdftex.def)             Requested size: 330.243pt x 325.22412pt.
[30 <./Group1_HW4_WORKING_DRAFT_files/figure-latex/flagm3_diagnostics -1.pdf>]

LaTeX Warning: Text page 31 contains only floats.


Overfull \vbox (4.71147pt too high) has occurred while \output is active []

[31] [32 <./Group1_HW4_WORKING_DRAFT_files/figure-latex/flagm3_diagnostics -2.pdf>]
<Group1_HW4_WORKING_DRAFT_files/figure-latex/unnamed-chunk-11-1.pdf, id=763, 545.03625pt x 504.88625pt>
File: Group1_HW4_WORKING_DRAFT_files/figure-latex/unnamed-chunk-11-1.pdf Graphic file (type pdf)
<use Group1_HW4_WORKING_DRAFT_files/figure-latex/unnamed-chunk-11-1.pdf>
Package pdftex.def Info: Group1_HW4_WORKING_DRAFT_files/figure-latex/unnamed-chunk-11-1.pdf  used on input line 960.
(pdftex.def)             Requested size: 469.7533pt x 435.14899pt.
[33 <./Group1_HW4_WORKING_DRAFT_files/figure-latex/unnamed-chunk-11-1.pdf>]
Overfull \hbox (228.67497pt too wide) in alignment at lines 980--990
 [] [] [] [] [] [] [] [] [] [] [] [] 
 []


Overfull \hbox (228.67497pt too wide) in alignment at lines 990--996
 [] [] [] [] [] [] [] [] [] [] [] [] 
 []


Overfull \hbox (15.56882pt too wide) in paragraph at lines 1006--1006
[]|[]\T1/lmr/m/n/11 transformation 
 []


Overfull \hbox (64.92683pt too wide) in paragraph at lines 1012--1012
[]|[]\T1/lmr/m/n/11 Feature_Eng+Transform 
 []


Overfull \hbox (228.67497pt too wide) in alignment at lines 996--1018
 [] [] [] [] [] [] [] [] [] [] [] [] 
 []

[34]

Package hyperref Warning: Difference (2) between bookmark levels is greater 
(hyperref)                than one, level fixed on input line 1036.


LaTeX Warning: Float too large for page by 73.71147pt on input line 1112.


LaTeX Warning: `!h' float specifier changed to `!ht'.

<Group1_HW4_WORKING_DRAFT_files/figure-latex/cost_model_saturated-1.pdf, id=781, 436.63126pt x 282.05376pt>
File: Group1_HW4_WORKING_DRAFT_files/figure-latex/cost_model_saturated-1.pdf Graphic file (type pdf)
<use Group1_HW4_WORKING_DRAFT_files/figure-latex/cost_model_saturated-1.pdf>
Package pdftex.def Info: Group1_HW4_WORKING_DRAFT_files/figure-latex/cost_model_saturated-1.pdf  used on input line 1114.
(pdftex.def)             Requested size: 436.63019pt x 282.05305pt.
<Group1_HW4_WORKING_DRAFT_files/figure-latex/cost_model_saturated-2.pdf, id=782, 440.64626pt x 282.05376pt>
File: Group1_HW4_WORKING_DRAFT_files/figure-latex/cost_model_saturated-2.pdf Graphic file (type pdf)
<use Group1_HW4_WORKING_DRAFT_files/figure-latex/cost_model_saturated-2.pdf>
Package pdftex.def Info: Group1_HW4_WORKING_DRAFT_files/figure-latex/cost_model_saturated-2.pdf  used on input line 1115.
(pdftex.def)             Requested size: 440.66533pt x 282.06596pt.
<Group1_HW4_WORKING_DRAFT_files/figure-latex/cost_model_saturated-3.pdf, id=783, 440.64626pt x 282.05376pt>
File: Group1_HW4_WORKING_DRAFT_files/figure-latex/cost_model_saturated-3.pdf Graphic file (type pdf)
<use Group1_HW4_WORKING_DRAFT_files/figure-latex/cost_model_saturated-3.pdf>
Package pdftex.def Info: Group1_HW4_WORKING_DRAFT_files/figure-latex/cost_model_saturated-3.pdf  used on input line 1116.
(pdftex.def)             Requested size: 440.66533pt x 282.06596pt.
<Group1_HW4_WORKING_DRAFT_files/figure-latex/cost_model_saturated-4.pdf, id=784, 440.64626pt x 282.05376pt>
File: Group1_HW4_WORKING_DRAFT_files/figure-latex/cost_model_saturated-4.pdf Graphic file (type pdf)
<use Group1_HW4_WORKING_DRAFT_files/figure-latex/cost_model_saturated-4.pdf>
Package pdftex.def Info: Group1_HW4_WORKING_DRAFT_files/figure-latex/cost_model_saturated-4.pdf  used on input line 1117.
(pdftex.def)             Requested size: 440.66533pt x 282.06596pt.

Underfull \hbox (badness 10000) in paragraph at lines 1114--1118
[][]
 []


Underfull \hbox (badness 10000) in paragraph at lines 1114--1118
[]
 []


Underfull \hbox (badness 10000) in paragraph at lines 1114--1118
[]
 []

[35 <./Group1_HW4_WORKING_DRAFT_files/figure-latex/cost_model_saturated-1.pdf>] [36 <./Group1_HW4_WORKING_DRAFT_files/figure-latex/cost_model_saturated-2.pdf> <./Group1_HW4_WORKING_DRAFT_files/figure-latex/cost_model_saturated-3.pdf>]

LaTeX Warning: `!h' float specifier changed to `!ht'.


LaTeX Warning: `!h' float specifier changed to `!ht'.


LaTeX Warning: `!h' float specifier changed to `!ht'.

<Group1_HW4_WORKING_DRAFT_files/figure-latex/cost_model_1-1.pdf, id=816, 436.63126pt x 282.05376pt>
File: Group1_HW4_WORKING_DRAFT_files/figure-latex/cost_model_1-1.pdf Graphic file (type pdf)
<use Group1_HW4_WORKING_DRAFT_files/figure-latex/cost_model_1-1.pdf>
Package pdftex.def Info: Group1_HW4_WORKING_DRAFT_files/figure-latex/cost_model_1-1.pdf  used on input line 1187.
(pdftex.def)             Requested size: 436.63019pt x 282.05305pt.
<Group1_HW4_WORKING_DRAFT_files/figure-latex/cost_model_1-2.pdf, id=817, 440.64626pt x 282.05376pt>
File: Group1_HW4_WORKING_DRAFT_files/figure-latex/cost_model_1-2.pdf Graphic file (type pdf)
<use Group1_HW4_WORKING_DRAFT_files/figure-latex/cost_model_1-2.pdf>
Package pdftex.def Info: Group1_HW4_WORKING_DRAFT_files/figure-latex/cost_model_1-2.pdf  used on input line 1188.
(pdftex.def)             Requested size: 440.66533pt x 282.06596pt.
<Group1_HW4_WORKING_DRAFT_files/figure-latex/cost_model_1-3.pdf, id=818, 440.64626pt x 282.05376pt>
File: Group1_HW4_WORKING_DRAFT_files/figure-latex/cost_model_1-3.pdf Graphic file (type pdf)
<use Group1_HW4_WORKING_DRAFT_files/figure-latex/cost_model_1-3.pdf>
Package pdftex.def Info: Group1_HW4_WORKING_DRAFT_files/figure-latex/cost_model_1-3.pdf  used on input line 1189.
(pdftex.def)             Requested size: 440.66533pt x 282.06596pt.
<Group1_HW4_WORKING_DRAFT_files/figure-latex/cost_model_1-4.pdf, id=819, 440.64626pt x 282.05376pt>
File: Group1_HW4_WORKING_DRAFT_files/figure-latex/cost_model_1-4.pdf Graphic file (type pdf)
<use Group1_HW4_WORKING_DRAFT_files/figure-latex/cost_model_1-4.pdf>
Package pdftex.def Info: Group1_HW4_WORKING_DRAFT_files/figure-latex/cost_model_1-4.pdf  used on input line 1190.
(pdftex.def)             Requested size: 440.66533pt x 282.06596pt.

Underfull \hbox (badness 10000) in paragraph at lines 1187--1191
[][]
 []


Underfull \hbox (badness 10000) in paragraph at lines 1187--1191
[]
 []


Underfull \hbox (badness 10000) in paragraph at lines 1187--1191
[]
 []

[37 <./Group1_HW4_WORKING_DRAFT_files/figure-latex/cost_model_saturated-4.pdf> <./Group1_HW4_WORKING_DRAFT_files/figure-latex/cost_model_1-1.pdf>] [38 <./Group1_HW4_WORKING_DRAFT_files/figure-latex/cost_model_1-2.pdf> <./Group1_HW4_WORKING_DRAFT_files/figure-latex/cost_model_1-3.pdf>] [39 <./Group1_HW4_WORKING_DRAFT_files/figure-latex/cost_model_1-4.pdf>]
<Group1_HW4_WORKING_DRAFT_files/figure-latex/unnamed-chunk-14-1.pdf, id=870, 471.7625pt x 505.89pt>
File: Group1_HW4_WORKING_DRAFT_files/figure-latex/unnamed-chunk-14-1.pdf Graphic file (type pdf)
<use Group1_HW4_WORKING_DRAFT_files/figure-latex/unnamed-chunk-14-1.pdf>
Package pdftex.def Info: Group1_HW4_WORKING_DRAFT_files/figure-latex/unnamed-chunk-14-1.pdf  used on input line 1203.
(pdftex.def)             Requested size: 469.76015pt x 503.74278pt.
<Group1_HW4_WORKING_DRAFT_files/figure-latex/unnamed-chunk-15-1.pdf, id=871, 471.7625pt x 505.89pt>
File: Group1_HW4_WORKING_DRAFT_files/figure-latex/unnamed-chunk-15-1.pdf Graphic file (type pdf)
<use Group1_HW4_WORKING_DRAFT_files/figure-latex/unnamed-chunk-15-1.pdf>
Package pdftex.def Info: Group1_HW4_WORKING_DRAFT_files/figure-latex/unnamed-chunk-15-1.pdf  used on input line 1206.
(pdftex.def)             Requested size: 469.76015pt x 503.74278pt.

Overfull \hbox (55.19064pt too wide) in paragraph at lines 1203--1211
\T1/lmr/m/n/10 ticed above. []
 []

[40 <./Group1_HW4_WORKING_DRAFT_files/figure-latex/unnamed-chunk-14-1.pdf>]
<Group1_HW4_WORKING_DRAFT_files/figure-latex/unnamed-chunk-16-1.pdf, id=884, 471.7625pt x 505.89pt>
File: Group1_HW4_WORKING_DRAFT_files/figure-latex/unnamed-chunk-16-1.pdf Graphic file (type pdf)
<use Group1_HW4_WORKING_DRAFT_files/figure-latex/unnamed-chunk-16-1.pdf>
Package pdftex.def Info: Group1_HW4_WORKING_DRAFT_files/figure-latex/unnamed-chunk-16-1.pdf  used on input line 1212.
(pdftex.def)             Requested size: 469.76015pt x 503.74278pt.
[41 <./Group1_HW4_WORKING_DRAFT_files/figure-latex/unnamed-chunk-15-1.pdf>]
<Group1_HW4_WORKING_DRAFT_files/figure-latex/unnamed-chunk-17-1.pdf, id=896, 436.63126pt x 249.93375pt>
File: Group1_HW4_WORKING_DRAFT_files/figure-latex/unnamed-chunk-17-1.pdf Graphic file (type pdf)
<use Group1_HW4_WORKING_DRAFT_files/figure-latex/unnamed-chunk-17-1.pdf>
Package pdftex.def Info: Group1_HW4_WORKING_DRAFT_files/figure-latex/unnamed-chunk-17-1.pdf  used on input line 1225.
(pdftex.def)             Requested size: 436.63019pt x 249.93314pt.
[42 <./Group1_HW4_WORKING_DRAFT_files/figure-latex/unnamed-chunk-16-1.pdf>] [43 <./Group1_HW4_WORKING_DRAFT_files/figure-latex/unnamed-chunk-17-1.pdf>]
<Group1_HW4_WORKING_DRAFT_files/figure-latex/cost_model_3-1.pdf, id=920, 442.65375pt x 282.05376pt>
File: Group1_HW4_WORKING_DRAFT_files/figure-latex/cost_model_3-1.pdf Graphic file (type pdf)
<use Group1_HW4_WORKING_DRAFT_files/figure-latex/cost_model_3-1.pdf>
Package pdftex.def Info: Group1_HW4_WORKING_DRAFT_files/figure-latex/cost_model_3-1.pdf  used on input line 1306.
(pdftex.def)             Requested size: 442.67966pt x 282.07027pt.
<Group1_HW4_WORKING_DRAFT_files/figure-latex/cost_model_3-2.pdf, id=921, 440.64626pt x 282.05376pt>
File: Group1_HW4_WORKING_DRAFT_files/figure-latex/cost_model_3-2.pdf Graphic file (type pdf)
<use Group1_HW4_WORKING_DRAFT_files/figure-latex/cost_model_3-2.pdf>
Package pdftex.def Info: Group1_HW4_WORKING_DRAFT_files/figure-latex/cost_model_3-2.pdf  used on input line 1307.
(pdftex.def)             Requested size: 440.66533pt x 282.06596pt.
<Group1_HW4_WORKING_DRAFT_files/figure-latex/cost_model_3-3.pdf, id=922, 446.66875pt x 282.05376pt>
File: Group1_HW4_WORKING_DRAFT_files/figure-latex/cost_model_3-3.pdf Graphic file (type pdf)
<use Group1_HW4_WORKING_DRAFT_files/figure-latex/cost_model_3-3.pdf>
Package pdftex.def Info: Group1_HW4_WORKING_DRAFT_files/figure-latex/cost_model_3-3.pdf  used on input line 1308.
(pdftex.def)             Requested size: 446.67445pt x 282.05736pt.
<Group1_HW4_WORKING_DRAFT_files/figure-latex/cost_model_3-4.pdf, id=923, 440.64626pt x 282.05376pt>
File: Group1_HW4_WORKING_DRAFT_files/figure-latex/cost_model_3-4.pdf Graphic file (type pdf)
<use Group1_HW4_WORKING_DRAFT_files/figure-latex/cost_model_3-4.pdf>
Package pdftex.def Info: Group1_HW4_WORKING_DRAFT_files/figure-latex/cost_model_3-4.pdf  used on input line 1309.
(pdftex.def)             Requested size: 440.66533pt x 282.06596pt.

Underfull \hbox (badness 10000) in paragraph at lines 1306--1314
[][]
 []


Underfull \hbox (badness 10000) in paragraph at lines 1306--1314
[]
 []


Underfull \hbox (badness 10000) in paragraph at lines 1306--1314
[]
 []

[44] [45 <./Group1_HW4_WORKING_DRAFT_files/figure-latex/cost_model_3-1.pdf> <./Group1_HW4_WORKING_DRAFT_files/figure-latex/cost_model_3-2.pdf>] [46 <./Group1_HW4_WORKING_DRAFT_files/figure-latex/cost_model_3-3.pdf> <./Group1_HW4_WORKING_DRAFT_files/figure-latex/cost_model_3-4.pdf>]
<Group1_HW4_WORKING_DRAFT_files/figure-latex/unnamed-chunk-18-1.pdf, id=965, 437.635pt x 249.93375pt>
File: Group1_HW4_WORKING_DRAFT_files/figure-latex/unnamed-chunk-18-1.pdf Graphic file (type pdf)
<use Group1_HW4_WORKING_DRAFT_files/figure-latex/unnamed-chunk-18-1.pdf>
Package pdftex.def Info: Group1_HW4_WORKING_DRAFT_files/figure-latex/unnamed-chunk-18-1.pdf  used on input line 1354.
(pdftex.def)             Requested size: 437.6406pt x 249.93694pt.

Overfull \hbox (232.24617pt too wide) in paragraph at lines 1353--1355
[]\T1/lmr/m/n/10 Residual stan-dard er-ror: 0.003109 on 2116 de-grees of free-dom [] 
 []

[47 <./Group1_HW4_WORKING_DRAFT_files/figure-latex/unnamed-chunk-18-1.pdf>]

LaTeX Warning: `!h' float specifier changed to `!ht'.


LaTeX Warning: `!h' float specifier changed to `!ht'.


LaTeX Warning: Float too large for page by 73.71147pt on input line 1449.


LaTeX Warning: `!h' float specifier changed to `!ht'.

<Group1_HW4_WORKING_DRAFT_files/figure-latex/cost_model_5__-1.pdf, id=977, 436.63126pt x 282.05376pt>
File: Group1_HW4_WORKING_DRAFT_files/figure-latex/cost_model_5__-1.pdf Graphic file (type pdf)
<use Group1_HW4_WORKING_DRAFT_files/figure-latex/cost_model_5__-1.pdf>
Package pdftex.def Info: Group1_HW4_WORKING_DRAFT_files/figure-latex/cost_model_5__-1.pdf  used on input line 1451.
(pdftex.def)             Requested size: 436.63019pt x 282.05305pt.
<Group1_HW4_WORKING_DRAFT_files/figure-latex/cost_model_5__-2.pdf, id=978, 440.64626pt x 282.05376pt>
File: Group1_HW4_WORKING_DRAFT_files/figure-latex/cost_model_5__-2.pdf Graphic file (type pdf)
<use Group1_HW4_WORKING_DRAFT_files/figure-latex/cost_model_5__-2.pdf>
Package pdftex.def Info: Group1_HW4_WORKING_DRAFT_files/figure-latex/cost_model_5__-2.pdf  used on input line 1452.
(pdftex.def)             Requested size: 440.66533pt x 282.06596pt.
<Group1_HW4_WORKING_DRAFT_files/figure-latex/cost_model_5__-3.pdf, id=979, 440.64626pt x 282.05376pt>
File: Group1_HW4_WORKING_DRAFT_files/figure-latex/cost_model_5__-3.pdf Graphic file (type pdf)
<use Group1_HW4_WORKING_DRAFT_files/figure-latex/cost_model_5__-3.pdf>
Package pdftex.def Info: Group1_HW4_WORKING_DRAFT_files/figure-latex/cost_model_5__-3.pdf  used on input line 1453.
(pdftex.def)             Requested size: 440.66533pt x 282.06596pt.
<Group1_HW4_WORKING_DRAFT_files/figure-latex/cost_model_5__-4.pdf, id=980, 440.64626pt x 282.05376pt>
File: Group1_HW4_WORKING_DRAFT_files/figure-latex/cost_model_5__-4.pdf Graphic file (type pdf)
<use Group1_HW4_WORKING_DRAFT_files/figure-latex/cost_model_5__-4.pdf>
Package pdftex.def Info: Group1_HW4_WORKING_DRAFT_files/figure-latex/cost_model_5__-4.pdf  used on input line 1454.
(pdftex.def)             Requested size: 440.66533pt x 282.06596pt.

Underfull \hbox (badness 10000) in paragraph at lines 1451--1455
[][]
 []


Underfull \hbox (badness 10000) in paragraph at lines 1451--1455
[]
 []


Underfull \hbox (badness 10000) in paragraph at lines 1451--1455
[]
 []

[48 <./Group1_HW4_WORKING_DRAFT_files/figure-latex/cost_model_5__-1.pdf>] [49 <./Group1_HW4_WORKING_DRAFT_files/figure-latex/cost_model_5__-2.pdf> <./Group1_HW4_WORKING_DRAFT_files/figure-latex/cost_model_5__-3.pdf>]
Underfull \hbox (badness 1259) in paragraph at lines 1463--1522
\T1/lmr/m/n/10 7.940e-02 car_typeVan 2.911e-02 old-claim 3.898e-06 re-vokedY -3.773e-02 ur-ban-ic-i-tyUr-ban 7.898e-02
 []

[50 <./Group1_HW4_WORKING_DRAFT_files/figure-latex/cost_model_5__-4.pdf>]
<Group1_HW4_WORKING_DRAFT_files/figure-latex/cost_model_5-1.pdf, id=1024, 440.64626pt x 251.94125pt>
File: Group1_HW4_WORKING_DRAFT_files/figure-latex/cost_model_5-1.pdf Graphic file (type pdf)
<use Group1_HW4_WORKING_DRAFT_files/figure-latex/cost_model_5-1.pdf>
Package pdftex.def Info: Group1_HW4_WORKING_DRAFT_files/figure-latex/cost_model_5-1.pdf  used on input line 1525.
(pdftex.def)             Requested size: 440.64517pt x 251.94063pt.

Underfull \hbox (badness 1303) in paragraph at lines 1523--1526
[]\T1/lmr/m/n/10 R-sq.(adj) = 0.297 De-viance ex-plained = 30.5% -REML = -505.87 Scale est. = 1 n = 1873
 []

[51 <./Group1_HW4_WORKING_DRAFT_files/figure-latex/cost_model_5-1.pdf>] [52] [53] [54] [55] (./Group1_HW4_WORKING_DRAFT.aux)
Package rerunfilecheck Info: File `Group1_HW4_WORKING_DRAFT.out' has not changed.
(rerunfilecheck)             Checksum: DD0B66BC26C2C2C7CDE7D9AA2AE2BC1C;3836.
 ) 
Here is how much of TeX's memory you used:
 13274 strings out of 480331
 247919 string characters out of 5896457
 535340 words of memory out of 5000000
 30695 multiletter control sequences out of 15000+600000
 464030 words of font info for 72 fonts, out of 8000000 for 9000
 14 hyphenation exceptions out of 8191
 60i,11n,63p,2368b,471s stack positions out of 5000i,500n,10000p,200000b,80000s
{/Users/mustafatelab/Library/TinyTeX/texmf-dist/fonts/enc/dvips/lm/lm-ec.enc}{/Users/mustafatelab/Library/TinyTeX/texmf-dist/fonts/enc/dvips/lm/lm-rm.enc}{/Users/mustafatelab/Library/TinyTeX/texmf-dist/fonts/enc/dvips/lm/lm-mathit.enc}{/Users/mustafatelab/Library/TinyTeX/texmf-dist/fonts/enc/dvips/lm/lm-ts1.enc}</Users/mustafatelab/Library/TinyTeX/texmf-dist/fonts/type1/public/lm/lmbx10.pfb></Users/mustafatelab/Library/TinyTeX/texmf-dist/fonts/type1/public/lm/lmbx12.pfb></Users/mustafatelab/Library/TinyTeX/texmf-dist/fonts/type1/public/lm/lmbxi10.pfb></Users/mustafatelab/Library/TinyTeX/texmf-dist/fonts/type1/public/lm/lmmi10.pfb></Users/mustafatelab/Library/TinyTeX/texmf-dist/fonts/type1/public/lm/lmr10.pfb></Users/mustafatelab/Library/TinyTeX/texmf-dist/fonts/type1/public/lm/lmr12.pfb></Users/mustafatelab/Library/TinyTeX/texmf-dist/fonts/type1/public/lm/lmr17.pfb></Users/mustafatelab/Library/TinyTeX/texmf-dist/fonts/type1/public/lm/lmr7.pfb></Users/mustafatelab/Library/TinyTeX/texmf-dist/fonts/type1/public/lm/lmri10.pfb></Users/mustafatelab/Library/TinyTeX/texmf-dist/fonts/type1/public/lm/lmtt10.pfb>
Output written on Group1_HW4_WORKING_DRAFT.pdf (55 pages, 16995328 bytes).
PDF statistics:
 1128 PDF objects out of 1200 (max. 8388607)
 815 compressed objects within 9 object streams
 102 named destinations out of 1000 (max. 500000)
 520 words of extra memory for PDF output out of 10000 (max. 10000000)

